cuda memory allocated: 8545792
> n_trainable_params: 1806303, n_nontrainable_params: 329400
> training arguments:
>>> model_name: ESIM
>>> dataset: small
>>> optimizer: <class 'torch.optim.adamw.AdamW'>
>>> initializer: <function kaiming_uniform_ at 0x0000017699095E10>
>>> lr: 0.0004
>>> dropout: 0.1
>>> l2reg: 0.01
>>> epochs: 10
>>> batch_size: 32
>>> log_step: 10
>>> embed_dim: 300
>>> hidden_dim: 300
>>> max_seq_len: 300
>>> num_classes: 3
>>> device: cuda
>>> seed: 42
>>> valset_ratio: 0.0
>>> model_class: <class 'models.esim.ESIM'>
>>> dataset_file: {'train': 'dataset/snli_1.0_train_small.jsonl', 'val': 'dataset/snli_1.0_dev.jsonl', 'test': 'dataset/snli_1.0_test.jsonl'}
>>>>>>>>>>>>>>>>>>>>>>>>>>>>>>>>>>>>>>>>>>>>>>>>>>>>>>>>>>>>>>>>>>>>>>>>>>>>>>>>>>>>>>>>>>>>>>>>>>>>
epoch: 0
loss: 1.1118, acc: 0.3312
loss: 1.1055, acc: 0.3453
loss: 1.1016, acc: 0.3479
loss: 1.1003, acc: 0.3539
loss: 1.0996, acc: 0.3519
loss: 1.0968, acc: 0.3651
loss: 1.0938, acc: 0.3737
loss: 1.0916, acc: 0.3781
loss: 1.0883, acc: 0.3812
loss: 1.0863, acc: 0.3844
loss: 1.0835, acc: 0.3926
loss: 1.0814, acc: 0.3990
loss: 1.0796, acc: 0.4046
loss: 1.0785, acc: 0.4083
loss: 1.0772, acc: 0.4100
loss: 1.0763, acc: 0.4100
loss: 1.0747, acc: 0.4142
loss: 1.0733, acc: 0.4165
loss: 1.0714, acc: 0.4191
loss: 1.0703, acc: 0.4203
loss: 1.0689, acc: 0.4216
loss: 1.0670, acc: 0.4240
loss: 1.0657, acc: 0.4243
loss: 1.0646, acc: 0.4245
loss: 1.0639, acc: 0.4260
loss: 1.0639, acc: 0.4268
loss: 1.0619, acc: 0.4284
loss: 1.0606, acc: 0.4305
loss: 1.0610, acc: 0.4313
loss: 1.0595, acc: 0.4340
loss: 1.0588, acc: 0.4342
loss: 1.0580, acc: 0.4357
loss: 1.0569, acc: 0.4378
loss: 1.0559, acc: 0.4394
loss: 1.0544, acc: 0.4420
loss: 1.0532, acc: 0.4437
loss: 1.0515, acc: 0.4454
loss: 1.0500, acc: 0.4474
loss: 1.0486, acc: 0.4491
loss: 1.0470, acc: 0.4510
loss: 1.0459, acc: 0.4525
loss: 1.0431, acc: 0.4552
loss: 1.0419, acc: 0.4568
loss: 1.0403, acc: 0.4586
loss: 1.0382, acc: 0.4608
loss: 1.0367, acc: 0.4625
loss: 1.0352, acc: 0.4642
loss: 1.0338, acc: 0.4655
loss: 1.0315, acc: 0.4680
loss: 1.0304, acc: 0.4689
loss: 1.0285, acc: 0.4709
loss: 1.0263, acc: 0.4732
loss: 1.0251, acc: 0.4753
loss: 1.0242, acc: 0.4760
loss: 1.0224, acc: 0.4780
loss: 1.0211, acc: 0.4795
loss: 1.0198, acc: 0.4807
loss: 1.0183, acc: 0.4824
loss: 1.0174, acc: 0.4836
loss: 1.0157, acc: 0.4853
loss: 1.0145, acc: 0.4865
loss: 1.0132, acc: 0.4879
loss: 1.0121, acc: 0.4887
loss: 1.0101, acc: 0.4904
loss: 1.0084, acc: 0.4917
loss: 1.0069, acc: 0.4930
loss: 1.0061, acc: 0.4938
loss: 1.0049, acc: 0.4947
loss: 1.0036, acc: 0.4955
loss: 1.0025, acc: 0.4963
loss: 1.0011, acc: 0.4974
loss: 0.9999, acc: 0.4983
loss: 0.9990, acc: 0.4992
loss: 0.9972, acc: 0.5006
loss: 0.9964, acc: 0.5013
loss: 0.9958, acc: 0.5018
loss: 0.9944, acc: 0.5032
loss: 0.9931, acc: 0.5044
loss: 0.9917, acc: 0.5054
loss: 0.9912, acc: 0.5063
loss: 0.9905, acc: 0.5068
loss: 0.9894, acc: 0.5072
loss: 0.9883, acc: 0.5080
loss: 0.9877, acc: 0.5084
loss: 0.9870, acc: 0.5092
loss: 0.9858, acc: 0.5101
loss: 0.9850, acc: 0.5110
loss: 0.9838, acc: 0.5121
loss: 0.9827, acc: 0.5132
loss: 0.9814, acc: 0.5143
loss: 0.9805, acc: 0.5147
loss: 0.9788, acc: 0.5160
loss: 0.9779, acc: 0.5164
loss: 0.9770, acc: 0.5173
loss: 0.9753, acc: 0.5185
loss: 0.9748, acc: 0.5189
loss: 0.9740, acc: 0.5197
loss: 0.9732, acc: 0.5206
loss: 0.9721, acc: 0.5214
loss: 0.9712, acc: 0.5222
loss: 0.9703, acc: 0.5230
loss: 0.9694, acc: 0.5237
loss: 0.9682, acc: 0.5245
loss: 0.9672, acc: 0.5252
loss: 0.9668, acc: 0.5256
loss: 0.9661, acc: 0.5262
loss: 0.9653, acc: 0.5269
loss: 0.9645, acc: 0.5277
loss: 0.9636, acc: 0.5285
loss: 0.9626, acc: 0.5291
loss: 0.9617, acc: 0.5301
loss: 0.9614, acc: 0.5305
loss: 0.9610, acc: 0.5307
loss: 0.9598, acc: 0.5314
loss: 0.9589, acc: 0.5323
loss: 0.9582, acc: 0.5330
loss: 0.9574, acc: 0.5338
loss: 0.9567, acc: 0.5345
loss: 0.9559, acc: 0.5351
loss: 0.9549, acc: 0.5359
loss: 0.9545, acc: 0.5364
loss: 0.9534, acc: 0.5371
loss: 0.9527, acc: 0.5372
loss: 0.9518, acc: 0.5377
loss: 0.9510, acc: 0.5382
loss: 0.9504, acc: 0.5386
loss: 0.9494, acc: 0.5392
loss: 0.9494, acc: 0.5394
loss: 0.9484, acc: 0.5403
loss: 0.9475, acc: 0.5409
loss: 0.9471, acc: 0.5411
loss: 0.9466, acc: 0.5415
loss: 0.9461, acc: 0.5420
loss: 0.9455, acc: 0.5425
loss: 0.9450, acc: 0.5429
loss: 0.9443, acc: 0.5434
loss: 0.9434, acc: 0.5441
loss: 0.9427, acc: 0.5445
loss: 0.9424, acc: 0.5449
loss: 0.9415, acc: 0.5454
loss: 0.9407, acc: 0.5460
loss: 0.9400, acc: 0.5464
loss: 0.9393, acc: 0.5469
loss: 0.9390, acc: 0.5471
loss: 0.9381, acc: 0.5479
loss: 0.9374, acc: 0.5482
loss: 0.9368, acc: 0.5488
loss: 0.9356, acc: 0.5495
loss: 0.9355, acc: 0.5495
loss: 0.9349, acc: 0.5497
loss: 0.9345, acc: 0.5500
loss: 0.9340, acc: 0.5505
loss: 0.9333, acc: 0.5510
loss: 0.9331, acc: 0.5511
loss: 0.9326, acc: 0.5517
loss: 0.9317, acc: 0.5522
loss: 0.9311, acc: 0.5529
loss: 0.9306, acc: 0.5534
loss: 0.9298, acc: 0.5541
loss: 0.9293, acc: 0.5545
loss: 0.9287, acc: 0.5550
loss: 0.9280, acc: 0.5555
loss: 0.9274, acc: 0.5559
loss: 0.9271, acc: 0.5563
loss: 0.9262, acc: 0.5569
loss: 0.9255, acc: 0.5577
loss: 0.9251, acc: 0.5579
loss: 0.9246, acc: 0.5581
loss: 0.9240, acc: 0.5586
loss: 0.9236, acc: 0.5588
loss: 0.9233, acc: 0.5590
> val_acc: 0.6414, val_f1: 0.6403
>> saved: state_dict/ESIM_small_val_acc_0.6414
>>>>>>>>>>>>>>>>>>>>>>>>>>>>>>>>>>>>>>>>>>>>>>>>>>>>>>>>>>>>>>>>>>>>>>>>>>>>>>>>>>>>>>>>>>>>>>>>>>>>
epoch: 1
loss: 0.8201, acc: 0.6719
loss: 0.8117, acc: 0.6562
loss: 0.8075, acc: 0.6463
loss: 0.8286, acc: 0.6328
loss: 0.8245, acc: 0.6287
loss: 0.8276, acc: 0.6274
loss: 0.8241, acc: 0.6336
loss: 0.8225, acc: 0.6332
loss: 0.8134, acc: 0.6368
loss: 0.8066, acc: 0.6427
loss: 0.8070, acc: 0.6434
loss: 0.8138, acc: 0.6390
loss: 0.8086, acc: 0.6419
loss: 0.8127, acc: 0.6394
loss: 0.8121, acc: 0.6378
loss: 0.8100, acc: 0.6394
loss: 0.8105, acc: 0.6399
loss: 0.8086, acc: 0.6410
loss: 0.8077, acc: 0.6422
loss: 0.8065, acc: 0.6421
loss: 0.8079, acc: 0.6409
loss: 0.8100, acc: 0.6396
loss: 0.8099, acc: 0.6392
loss: 0.8099, acc: 0.6389
loss: 0.8091, acc: 0.6384
loss: 0.8088, acc: 0.6378
loss: 0.8083, acc: 0.6392
loss: 0.8064, acc: 0.6402
loss: 0.8053, acc: 0.6411
loss: 0.8051, acc: 0.6411
loss: 0.8045, acc: 0.6419
loss: 0.8047, acc: 0.6422
loss: 0.8060, acc: 0.6416
loss: 0.8069, acc: 0.6417
loss: 0.8070, acc: 0.6414
loss: 0.8070, acc: 0.6417
loss: 0.8079, acc: 0.6408
loss: 0.8081, acc: 0.6411
loss: 0.8083, acc: 0.6419
loss: 0.8065, acc: 0.6425
loss: 0.8076, acc: 0.6426
loss: 0.8066, acc: 0.6428
loss: 0.8053, acc: 0.6428
loss: 0.8059, acc: 0.6425
loss: 0.8054, acc: 0.6432
loss: 0.8030, acc: 0.6446
loss: 0.8025, acc: 0.6451
loss: 0.8014, acc: 0.6454
loss: 0.8006, acc: 0.6463
loss: 0.8007, acc: 0.6462
loss: 0.7991, acc: 0.6470
loss: 0.7996, acc: 0.6469
loss: 0.7994, acc: 0.6473
loss: 0.7989, acc: 0.6479
loss: 0.7985, acc: 0.6479
loss: 0.7977, acc: 0.6487
loss: 0.7990, acc: 0.6482
loss: 0.7985, acc: 0.6483
loss: 0.7971, acc: 0.6492
loss: 0.7989, acc: 0.6485
loss: 0.7982, acc: 0.6485
loss: 0.7984, acc: 0.6485
loss: 0.7979, acc: 0.6495
loss: 0.7974, acc: 0.6498
loss: 0.7975, acc: 0.6498
loss: 0.7975, acc: 0.6497
loss: 0.7973, acc: 0.6498
loss: 0.7968, acc: 0.6498
loss: 0.7962, acc: 0.6496
loss: 0.7961, acc: 0.6497
loss: 0.7951, acc: 0.6504
loss: 0.7961, acc: 0.6498
loss: 0.7972, acc: 0.6492
loss: 0.7969, acc: 0.6492
loss: 0.7960, acc: 0.6496
loss: 0.7960, acc: 0.6495
loss: 0.7957, acc: 0.6496
loss: 0.7963, acc: 0.6493
loss: 0.7958, acc: 0.6493
loss: 0.7951, acc: 0.6498
loss: 0.7948, acc: 0.6501
loss: 0.7955, acc: 0.6495
loss: 0.7951, acc: 0.6500
loss: 0.7954, acc: 0.6498
loss: 0.7954, acc: 0.6498
loss: 0.7948, acc: 0.6502
loss: 0.7942, acc: 0.6502
loss: 0.7936, acc: 0.6504
loss: 0.7932, acc: 0.6506
loss: 0.7932, acc: 0.6504
loss: 0.7931, acc: 0.6506
loss: 0.7921, acc: 0.6513
loss: 0.7926, acc: 0.6512
loss: 0.7925, acc: 0.6515
loss: 0.7920, acc: 0.6516
loss: 0.7920, acc: 0.6515
loss: 0.7920, acc: 0.6518
loss: 0.7915, acc: 0.6522
loss: 0.7911, acc: 0.6522
loss: 0.7916, acc: 0.6521
loss: 0.7917, acc: 0.6518
loss: 0.7917, acc: 0.6517
loss: 0.7920, acc: 0.6514
loss: 0.7922, acc: 0.6514
loss: 0.7922, acc: 0.6515
loss: 0.7923, acc: 0.6515
loss: 0.7916, acc: 0.6520
loss: 0.7922, acc: 0.6515
loss: 0.7916, acc: 0.6517
loss: 0.7920, acc: 0.6517
loss: 0.7919, acc: 0.6517
loss: 0.7919, acc: 0.6517
loss: 0.7916, acc: 0.6518
loss: 0.7912, acc: 0.6520
loss: 0.7909, acc: 0.6523
loss: 0.7909, acc: 0.6522
loss: 0.7908, acc: 0.6521
loss: 0.7903, acc: 0.6524
loss: 0.7906, acc: 0.6521
loss: 0.7904, acc: 0.6523
loss: 0.7905, acc: 0.6525
loss: 0.7901, acc: 0.6528
loss: 0.7902, acc: 0.6529
loss: 0.7900, acc: 0.6530
loss: 0.7902, acc: 0.6530
loss: 0.7909, acc: 0.6527
loss: 0.7909, acc: 0.6526
loss: 0.7906, acc: 0.6530
loss: 0.7902, acc: 0.6533
loss: 0.7899, acc: 0.6533
loss: 0.7901, acc: 0.6533
loss: 0.7900, acc: 0.6532
loss: 0.7898, acc: 0.6536
loss: 0.7893, acc: 0.6539
loss: 0.7893, acc: 0.6539
loss: 0.7898, acc: 0.6539
loss: 0.7897, acc: 0.6540
loss: 0.7893, acc: 0.6544
loss: 0.7891, acc: 0.6543
loss: 0.7888, acc: 0.6544
loss: 0.7889, acc: 0.6544
loss: 0.7884, acc: 0.6545
loss: 0.7880, acc: 0.6548
loss: 0.7879, acc: 0.6549
loss: 0.7880, acc: 0.6549
loss: 0.7882, acc: 0.6549
loss: 0.7881, acc: 0.6549
loss: 0.7882, acc: 0.6550
loss: 0.7877, acc: 0.6554
loss: 0.7883, acc: 0.6551
loss: 0.7878, acc: 0.6555
loss: 0.7878, acc: 0.6555
loss: 0.7879, acc: 0.6553
loss: 0.7878, acc: 0.6554
loss: 0.7879, acc: 0.6552
loss: 0.7876, acc: 0.6554
loss: 0.7876, acc: 0.6553
loss: 0.7878, acc: 0.6551
loss: 0.7880, acc: 0.6549
loss: 0.7874, acc: 0.6554
loss: 0.7872, acc: 0.6555
loss: 0.7873, acc: 0.6555
loss: 0.7871, acc: 0.6555
loss: 0.7875, acc: 0.6553
loss: 0.7877, acc: 0.6554
loss: 0.7880, acc: 0.6551
loss: 0.7878, acc: 0.6553
loss: 0.7875, acc: 0.6555
loss: 0.7872, acc: 0.6556
loss: 0.7872, acc: 0.6555
loss: 0.7876, acc: 0.6552
loss: 0.7876, acc: 0.6551
> val_acc: 0.6791, val_f1: 0.6786
>> saved: state_dict/ESIM_small_val_acc_0.6791
>>>>>>>>>>>>>>>>>>>>>>>>>>>>>>>>>>>>>>>>>>>>>>>>>>>>>>>>>>>>>>>>>>>>>>>>>>>>>>>>>>>>>>>>>>>>>>>>>>>>
epoch: 2
loss: 0.6755, acc: 0.7031
loss: 0.6967, acc: 0.7009
loss: 0.7086, acc: 0.7018
loss: 0.7160, acc: 0.6930
loss: 0.7268, acc: 0.6896
loss: 0.7254, acc: 0.6852
loss: 0.7268, acc: 0.6802
loss: 0.7253, acc: 0.6816
loss: 0.7322, acc: 0.6778
loss: 0.7299, acc: 0.6785
loss: 0.7303, acc: 0.6773
loss: 0.7326, acc: 0.6763
loss: 0.7323, acc: 0.6767
loss: 0.7301, acc: 0.6784
loss: 0.7326, acc: 0.6760
loss: 0.7302, acc: 0.6761
loss: 0.7296, acc: 0.6772
loss: 0.7311, acc: 0.6776
loss: 0.7269, acc: 0.6795
loss: 0.7262, acc: 0.6817
loss: 0.7255, acc: 0.6814
loss: 0.7266, acc: 0.6828
loss: 0.7270, acc: 0.6840
loss: 0.7285, acc: 0.6830
loss: 0.7317, acc: 0.6814
loss: 0.7352, acc: 0.6799
loss: 0.7343, acc: 0.6796
loss: 0.7355, acc: 0.6797
loss: 0.7383, acc: 0.6784
loss: 0.7397, acc: 0.6776
loss: 0.7405, acc: 0.6776
loss: 0.7419, acc: 0.6767
loss: 0.7409, acc: 0.6775
loss: 0.7388, acc: 0.6789
loss: 0.7398, acc: 0.6785
loss: 0.7403, acc: 0.6780
loss: 0.7402, acc: 0.6781
loss: 0.7404, acc: 0.6783
loss: 0.7389, acc: 0.6791
loss: 0.7381, acc: 0.6797
loss: 0.7390, acc: 0.6795
loss: 0.7379, acc: 0.6802
loss: 0.7400, acc: 0.6784
loss: 0.7406, acc: 0.6789
loss: 0.7408, acc: 0.6783
loss: 0.7402, acc: 0.6783
loss: 0.7415, acc: 0.6773
loss: 0.7419, acc: 0.6772
loss: 0.7421, acc: 0.6767
loss: 0.7425, acc: 0.6767
loss: 0.7418, acc: 0.6773
loss: 0.7423, acc: 0.6770
loss: 0.7417, acc: 0.6771
loss: 0.7409, acc: 0.6779
loss: 0.7397, acc: 0.6783
loss: 0.7390, acc: 0.6783
loss: 0.7393, acc: 0.6783
loss: 0.7382, acc: 0.6790
loss: 0.7381, acc: 0.6791
loss: 0.7385, acc: 0.6792
loss: 0.7382, acc: 0.6792
loss: 0.7383, acc: 0.6794
loss: 0.7376, acc: 0.6801
loss: 0.7378, acc: 0.6800
loss: 0.7372, acc: 0.6807
loss: 0.7362, acc: 0.6816
loss: 0.7359, acc: 0.6819
loss: 0.7359, acc: 0.6820
loss: 0.7365, acc: 0.6818
loss: 0.7364, acc: 0.6817
loss: 0.7371, acc: 0.6812
loss: 0.7362, acc: 0.6815
loss: 0.7363, acc: 0.6813
loss: 0.7366, acc: 0.6815
loss: 0.7363, acc: 0.6818
loss: 0.7357, acc: 0.6824
loss: 0.7359, acc: 0.6824
loss: 0.7353, acc: 0.6829
loss: 0.7350, acc: 0.6832
loss: 0.7342, acc: 0.6838
loss: 0.7334, acc: 0.6840
loss: 0.7346, acc: 0.6832
loss: 0.7346, acc: 0.6831
loss: 0.7344, acc: 0.6833
loss: 0.7345, acc: 0.6827
loss: 0.7353, acc: 0.6821
loss: 0.7352, acc: 0.6822
loss: 0.7350, acc: 0.6823
loss: 0.7347, acc: 0.6827
loss: 0.7348, acc: 0.6828
loss: 0.7344, acc: 0.6829
loss: 0.7348, acc: 0.6829
loss: 0.7349, acc: 0.6829
loss: 0.7349, acc: 0.6829
loss: 0.7346, acc: 0.6830
loss: 0.7339, acc: 0.6833
loss: 0.7342, acc: 0.6828
loss: 0.7342, acc: 0.6828
loss: 0.7346, acc: 0.6827
loss: 0.7347, acc: 0.6827
loss: 0.7347, acc: 0.6826
loss: 0.7345, acc: 0.6828
loss: 0.7344, acc: 0.6828
loss: 0.7346, acc: 0.6827
loss: 0.7348, acc: 0.6824
loss: 0.7347, acc: 0.6825
loss: 0.7339, acc: 0.6828
loss: 0.7335, acc: 0.6827
loss: 0.7327, acc: 0.6833
loss: 0.7332, acc: 0.6829
loss: 0.7330, acc: 0.6831
loss: 0.7326, acc: 0.6833
loss: 0.7329, acc: 0.6832
loss: 0.7330, acc: 0.6829
loss: 0.7330, acc: 0.6829
loss: 0.7332, acc: 0.6828
loss: 0.7330, acc: 0.6829
loss: 0.7333, acc: 0.6827
loss: 0.7331, acc: 0.6826
loss: 0.7333, acc: 0.6822
loss: 0.7329, acc: 0.6823
loss: 0.7332, acc: 0.6821
loss: 0.7329, acc: 0.6823
loss: 0.7325, acc: 0.6826
loss: 0.7327, acc: 0.6825
loss: 0.7328, acc: 0.6825
loss: 0.7322, acc: 0.6828
loss: 0.7319, acc: 0.6829
loss: 0.7317, acc: 0.6830
loss: 0.7316, acc: 0.6831
loss: 0.7311, acc: 0.6834
loss: 0.7306, acc: 0.6836
loss: 0.7302, acc: 0.6840
loss: 0.7303, acc: 0.6837
loss: 0.7305, acc: 0.6835
loss: 0.7304, acc: 0.6836
loss: 0.7301, acc: 0.6835
loss: 0.7307, acc: 0.6833
loss: 0.7306, acc: 0.6835
loss: 0.7313, acc: 0.6833
loss: 0.7313, acc: 0.6834
loss: 0.7316, acc: 0.6832
loss: 0.7317, acc: 0.6832
loss: 0.7316, acc: 0.6833
loss: 0.7313, acc: 0.6833
loss: 0.7313, acc: 0.6833
loss: 0.7313, acc: 0.6833
loss: 0.7312, acc: 0.6834
loss: 0.7311, acc: 0.6836
loss: 0.7311, acc: 0.6837
loss: 0.7315, acc: 0.6837
loss: 0.7314, acc: 0.6836
loss: 0.7315, acc: 0.6836
loss: 0.7315, acc: 0.6836
loss: 0.7313, acc: 0.6838
loss: 0.7315, acc: 0.6836
loss: 0.7316, acc: 0.6835
loss: 0.7317, acc: 0.6833
loss: 0.7320, acc: 0.6831
loss: 0.7319, acc: 0.6831
loss: 0.7314, acc: 0.6834
loss: 0.7312, acc: 0.6835
loss: 0.7314, acc: 0.6833
loss: 0.7314, acc: 0.6832
loss: 0.7313, acc: 0.6833
loss: 0.7313, acc: 0.6833
loss: 0.7312, acc: 0.6835
loss: 0.7309, acc: 0.6837
loss: 0.7309, acc: 0.6838
loss: 0.7312, acc: 0.6836
loss: 0.7308, acc: 0.6839
loss: 0.7306, acc: 0.6840
> val_acc: 0.6910, val_f1: 0.6894
>> saved: state_dict/ESIM_small_val_acc_0.691
>>>>>>>>>>>>>>>>>>>>>>>>>>>>>>>>>>>>>>>>>>>>>>>>>>>>>>>>>>>>>>>>>>>>>>>>>>>>>>>>>>>>>>>>>>>>>>>>>>>>
epoch: 3
loss: 0.7142, acc: 0.6875
loss: 0.7116, acc: 0.6816
loss: 0.6907, acc: 0.6995
loss: 0.6956, acc: 0.6962
loss: 0.7001, acc: 0.6957
loss: 0.6849, acc: 0.7042
loss: 0.6886, acc: 0.7027
loss: 0.6832, acc: 0.7089
loss: 0.6823, acc: 0.7108
loss: 0.6869, acc: 0.7080
loss: 0.6845, acc: 0.7078
loss: 0.6863, acc: 0.7066
loss: 0.6844, acc: 0.7083
loss: 0.6795, acc: 0.7123
loss: 0.6786, acc: 0.7140
loss: 0.6782, acc: 0.7147
loss: 0.6756, acc: 0.7169
loss: 0.6736, acc: 0.7188
loss: 0.6734, acc: 0.7209
loss: 0.6697, acc: 0.7223
loss: 0.6697, acc: 0.7215
loss: 0.6680, acc: 0.7216
loss: 0.6730, acc: 0.7179
loss: 0.6722, acc: 0.7180
loss: 0.6751, acc: 0.7163
loss: 0.6753, acc: 0.7170
loss: 0.6791, acc: 0.7152
loss: 0.6803, acc: 0.7134
loss: 0.6790, acc: 0.7146
loss: 0.6818, acc: 0.7132
loss: 0.6825, acc: 0.7125
loss: 0.6846, acc: 0.7108
loss: 0.6860, acc: 0.7096
loss: 0.6853, acc: 0.7103
loss: 0.6840, acc: 0.7113
loss: 0.6828, acc: 0.7111
loss: 0.6835, acc: 0.7105
loss: 0.6840, acc: 0.7097
loss: 0.6843, acc: 0.7099
loss: 0.6860, acc: 0.7094
loss: 0.6859, acc: 0.7091
loss: 0.6862, acc: 0.7088
loss: 0.6870, acc: 0.7084
loss: 0.6880, acc: 0.7085
loss: 0.6882, acc: 0.7089
loss: 0.6884, acc: 0.7087
loss: 0.6893, acc: 0.7084
loss: 0.6878, acc: 0.7095
loss: 0.6866, acc: 0.7103
loss: 0.6846, acc: 0.7117
loss: 0.6833, acc: 0.7125
loss: 0.6827, acc: 0.7128
loss: 0.6848, acc: 0.7119
loss: 0.6845, acc: 0.7122
loss: 0.6841, acc: 0.7123
loss: 0.6842, acc: 0.7119
loss: 0.6844, acc: 0.7116
loss: 0.6841, acc: 0.7118
loss: 0.6855, acc: 0.7106
loss: 0.6861, acc: 0.7100
loss: 0.6849, acc: 0.7104
loss: 0.6859, acc: 0.7099
loss: 0.6852, acc: 0.7100
loss: 0.6860, acc: 0.7094
loss: 0.6860, acc: 0.7098
loss: 0.6858, acc: 0.7096
loss: 0.6874, acc: 0.7079
loss: 0.6879, acc: 0.7073
loss: 0.6877, acc: 0.7072
loss: 0.6873, acc: 0.7075
loss: 0.6876, acc: 0.7072
loss: 0.6861, acc: 0.7082
loss: 0.6861, acc: 0.7083
loss: 0.6855, acc: 0.7084
loss: 0.6854, acc: 0.7082
loss: 0.6856, acc: 0.7081
loss: 0.6857, acc: 0.7079
loss: 0.6859, acc: 0.7076
loss: 0.6857, acc: 0.7077
loss: 0.6863, acc: 0.7071
loss: 0.6860, acc: 0.7073
loss: 0.6859, acc: 0.7076
loss: 0.6869, acc: 0.7069
loss: 0.6866, acc: 0.7071
loss: 0.6866, acc: 0.7072
loss: 0.6864, acc: 0.7071
loss: 0.6857, acc: 0.7075
loss: 0.6860, acc: 0.7074
loss: 0.6866, acc: 0.7073
loss: 0.6865, acc: 0.7072
loss: 0.6868, acc: 0.7071
loss: 0.6872, acc: 0.7071
loss: 0.6873, acc: 0.7068
loss: 0.6873, acc: 0.7069
loss: 0.6865, acc: 0.7073
loss: 0.6868, acc: 0.7071
loss: 0.6862, acc: 0.7073
loss: 0.6863, acc: 0.7075
loss: 0.6871, acc: 0.7069
loss: 0.6872, acc: 0.7070
loss: 0.6868, acc: 0.7075
loss: 0.6872, acc: 0.7076
loss: 0.6878, acc: 0.7072
loss: 0.6874, acc: 0.7073
loss: 0.6872, acc: 0.7074
loss: 0.6876, acc: 0.7071
loss: 0.6879, acc: 0.7072
loss: 0.6882, acc: 0.7068
loss: 0.6890, acc: 0.7065
loss: 0.6890, acc: 0.7066
loss: 0.6886, acc: 0.7066
loss: 0.6885, acc: 0.7068
loss: 0.6880, acc: 0.7070
loss: 0.6879, acc: 0.7069
loss: 0.6882, acc: 0.7068
loss: 0.6884, acc: 0.7066
loss: 0.6882, acc: 0.7068
loss: 0.6877, acc: 0.7069
loss: 0.6883, acc: 0.7066
loss: 0.6879, acc: 0.7067
loss: 0.6882, acc: 0.7064
loss: 0.6885, acc: 0.7062
loss: 0.6882, acc: 0.7064
loss: 0.6887, acc: 0.7061
loss: 0.6887, acc: 0.7060
loss: 0.6885, acc: 0.7061
loss: 0.6885, acc: 0.7060
loss: 0.6885, acc: 0.7061
loss: 0.6880, acc: 0.7065
loss: 0.6876, acc: 0.7066
loss: 0.6868, acc: 0.7073
loss: 0.6867, acc: 0.7073
loss: 0.6876, acc: 0.7065
loss: 0.6874, acc: 0.7067
loss: 0.6876, acc: 0.7065
loss: 0.6877, acc: 0.7064
loss: 0.6877, acc: 0.7063
loss: 0.6880, acc: 0.7062
loss: 0.6880, acc: 0.7062
loss: 0.6880, acc: 0.7061
loss: 0.6878, acc: 0.7064
loss: 0.6877, acc: 0.7066
loss: 0.6881, acc: 0.7064
loss: 0.6879, acc: 0.7064
loss: 0.6878, acc: 0.7065
loss: 0.6878, acc: 0.7065
loss: 0.6881, acc: 0.7064
loss: 0.6879, acc: 0.7065
loss: 0.6878, acc: 0.7065
loss: 0.6877, acc: 0.7066
loss: 0.6881, acc: 0.7066
loss: 0.6883, acc: 0.7065
loss: 0.6883, acc: 0.7064
loss: 0.6888, acc: 0.7060
loss: 0.6889, acc: 0.7060
loss: 0.6887, acc: 0.7061
loss: 0.6884, acc: 0.7061
loss: 0.6885, acc: 0.7061
loss: 0.6881, acc: 0.7063
loss: 0.6882, acc: 0.7063
loss: 0.6884, acc: 0.7061
loss: 0.6884, acc: 0.7061
loss: 0.6888, acc: 0.7060
loss: 0.6889, acc: 0.7059
loss: 0.6887, acc: 0.7060
loss: 0.6888, acc: 0.7059
loss: 0.6889, acc: 0.7059
loss: 0.6887, acc: 0.7061
loss: 0.6887, acc: 0.7061
loss: 0.6893, acc: 0.7058
loss: 0.6896, acc: 0.7057
loss: 0.6896, acc: 0.7057
> val_acc: 0.6952, val_f1: 0.6949
>> saved: state_dict/ESIM_small_val_acc_0.6952
>>>>>>>>>>>>>>>>>>>>>>>>>>>>>>>>>>>>>>>>>>>>>>>>>>>>>>>>>>>>>>>>>>>>>>>>>>>>>>>>>>>>>>>>>>>>>>>>>>>>
epoch: 4
loss: 0.6553, acc: 0.7305
loss: 0.6192, acc: 0.7604
loss: 0.6398, acc: 0.7433
loss: 0.6476, acc: 0.7327
loss: 0.6317, acc: 0.7422
loss: 0.6167, acc: 0.7516
loss: 0.6190, acc: 0.7537
loss: 0.6264, acc: 0.7476
loss: 0.6274, acc: 0.7468
loss: 0.6262, acc: 0.7433
loss: 0.6271, acc: 0.7410
loss: 0.6271, acc: 0.7428
loss: 0.6282, acc: 0.7410
loss: 0.6284, acc: 0.7396
loss: 0.6355, acc: 0.7378
loss: 0.6424, acc: 0.7334
loss: 0.6441, acc: 0.7318
loss: 0.6410, acc: 0.7324
loss: 0.6430, acc: 0.7307
loss: 0.6408, acc: 0.7328
loss: 0.6431, acc: 0.7318
loss: 0.6435, acc: 0.7322
loss: 0.6398, acc: 0.7338
loss: 0.6409, acc: 0.7333
loss: 0.6419, acc: 0.7319
loss: 0.6404, acc: 0.7324
loss: 0.6406, acc: 0.7338
loss: 0.6418, acc: 0.7328
loss: 0.6404, acc: 0.7338
loss: 0.6383, acc: 0.7348
loss: 0.6417, acc: 0.7331
loss: 0.6407, acc: 0.7341
loss: 0.6401, acc: 0.7343
loss: 0.6411, acc: 0.7335
loss: 0.6428, acc: 0.7324
loss: 0.6427, acc: 0.7329
loss: 0.6432, acc: 0.7322
loss: 0.6422, acc: 0.7329
loss: 0.6433, acc: 0.7319
loss: 0.6437, acc: 0.7312
loss: 0.6439, acc: 0.7310
loss: 0.6441, acc: 0.7312
loss: 0.6455, acc: 0.7305
loss: 0.6464, acc: 0.7303
loss: 0.6457, acc: 0.7303
loss: 0.6463, acc: 0.7297
loss: 0.6463, acc: 0.7296
loss: 0.6465, acc: 0.7295
loss: 0.6475, acc: 0.7294
loss: 0.6478, acc: 0.7295
loss: 0.6480, acc: 0.7296
loss: 0.6484, acc: 0.7294
loss: 0.6474, acc: 0.7302
loss: 0.6472, acc: 0.7307
loss: 0.6468, acc: 0.7306
loss: 0.6464, acc: 0.7305
loss: 0.6464, acc: 0.7306
loss: 0.6474, acc: 0.7299
loss: 0.6475, acc: 0.7299
loss: 0.6473, acc: 0.7297
loss: 0.6469, acc: 0.7299
loss: 0.6463, acc: 0.7302
loss: 0.6479, acc: 0.7292
loss: 0.6477, acc: 0.7293
loss: 0.6489, acc: 0.7283
loss: 0.6491, acc: 0.7286
loss: 0.6482, acc: 0.7288
loss: 0.6484, acc: 0.7287
loss: 0.6478, acc: 0.7289
loss: 0.6472, acc: 0.7293
loss: 0.6477, acc: 0.7290
loss: 0.6478, acc: 0.7289
loss: 0.6490, acc: 0.7282
loss: 0.6495, acc: 0.7277
loss: 0.6483, acc: 0.7287
loss: 0.6479, acc: 0.7293
loss: 0.6483, acc: 0.7290
loss: 0.6489, acc: 0.7288
loss: 0.6482, acc: 0.7291
loss: 0.6489, acc: 0.7287
loss: 0.6499, acc: 0.7283
loss: 0.6507, acc: 0.7277
loss: 0.6508, acc: 0.7275
loss: 0.6512, acc: 0.7271
loss: 0.6509, acc: 0.7273
loss: 0.6505, acc: 0.7275
loss: 0.6504, acc: 0.7276
loss: 0.6505, acc: 0.7274
loss: 0.6516, acc: 0.7270
loss: 0.6518, acc: 0.7270
loss: 0.6522, acc: 0.7266
loss: 0.6516, acc: 0.7269
loss: 0.6518, acc: 0.7269
loss: 0.6521, acc: 0.7268
loss: 0.6522, acc: 0.7269
loss: 0.6524, acc: 0.7268
loss: 0.6511, acc: 0.7278
loss: 0.6511, acc: 0.7278
loss: 0.6510, acc: 0.7280
loss: 0.6513, acc: 0.7277
loss: 0.6514, acc: 0.7276
loss: 0.6516, acc: 0.7275
loss: 0.6517, acc: 0.7273
loss: 0.6511, acc: 0.7275
loss: 0.6510, acc: 0.7273
loss: 0.6517, acc: 0.7268
loss: 0.6523, acc: 0.7263
loss: 0.6521, acc: 0.7266
loss: 0.6516, acc: 0.7269
loss: 0.6516, acc: 0.7269
loss: 0.6513, acc: 0.7270
loss: 0.6511, acc: 0.7271
loss: 0.6520, acc: 0.7268
loss: 0.6525, acc: 0.7265
loss: 0.6531, acc: 0.7262
loss: 0.6536, acc: 0.7258
loss: 0.6536, acc: 0.7260
loss: 0.6533, acc: 0.7261
loss: 0.6529, acc: 0.7264
loss: 0.6529, acc: 0.7265
loss: 0.6528, acc: 0.7265
loss: 0.6528, acc: 0.7264
loss: 0.6518, acc: 0.7269
loss: 0.6514, acc: 0.7271
loss: 0.6518, acc: 0.7268
loss: 0.6508, acc: 0.7273
loss: 0.6507, acc: 0.7272
loss: 0.6510, acc: 0.7270
loss: 0.6509, acc: 0.7270
loss: 0.6508, acc: 0.7270
loss: 0.6506, acc: 0.7272
loss: 0.6508, acc: 0.7270
loss: 0.6508, acc: 0.7271
loss: 0.6515, acc: 0.7270
loss: 0.6516, acc: 0.7269
loss: 0.6513, acc: 0.7270
loss: 0.6509, acc: 0.7274
loss: 0.6507, acc: 0.7276
loss: 0.6510, acc: 0.7275
loss: 0.6512, acc: 0.7273
loss: 0.6509, acc: 0.7272
loss: 0.6513, acc: 0.7269
loss: 0.6512, acc: 0.7270
loss: 0.6513, acc: 0.7269
loss: 0.6513, acc: 0.7271
loss: 0.6511, acc: 0.7271
loss: 0.6514, acc: 0.7269
loss: 0.6509, acc: 0.7271
loss: 0.6510, acc: 0.7269
loss: 0.6515, acc: 0.7267
loss: 0.6514, acc: 0.7267
loss: 0.6515, acc: 0.7267
loss: 0.6516, acc: 0.7266
loss: 0.6516, acc: 0.7267
loss: 0.6519, acc: 0.7264
loss: 0.6516, acc: 0.7263
loss: 0.6517, acc: 0.7262
loss: 0.6518, acc: 0.7260
loss: 0.6517, acc: 0.7260
loss: 0.6513, acc: 0.7262
loss: 0.6510, acc: 0.7263
loss: 0.6510, acc: 0.7264
loss: 0.6507, acc: 0.7265
loss: 0.6510, acc: 0.7264
loss: 0.6514, acc: 0.7261
loss: 0.6514, acc: 0.7261
loss: 0.6512, acc: 0.7262
loss: 0.6514, acc: 0.7262
loss: 0.6513, acc: 0.7262
loss: 0.6514, acc: 0.7261
loss: 0.6513, acc: 0.7262
loss: 0.6517, acc: 0.7260
> val_acc: 0.6948, val_f1: 0.6940
>>>>>>>>>>>>>>>>>>>>>>>>>>>>>>>>>>>>>>>>>>>>>>>>>>>>>>>>>>>>>>>>>>>>>>>>>>>>>>>>>>>>>>>>>>>>>>>>>>>>
epoch: 5
loss: 0.5883, acc: 0.7562
loss: 0.5987, acc: 0.7516
loss: 0.6018, acc: 0.7510
loss: 0.6095, acc: 0.7438
loss: 0.6091, acc: 0.7469
loss: 0.6050, acc: 0.7479
loss: 0.6086, acc: 0.7469
loss: 0.6047, acc: 0.7469
loss: 0.6023, acc: 0.7493
loss: 0.6071, acc: 0.7506
loss: 0.6060, acc: 0.7537
loss: 0.6004, acc: 0.7570
loss: 0.6046, acc: 0.7531
loss: 0.5977, acc: 0.7560
loss: 0.5973, acc: 0.7552
loss: 0.5943, acc: 0.7549
loss: 0.5940, acc: 0.7539
loss: 0.5915, acc: 0.7549
loss: 0.5926, acc: 0.7541
loss: 0.5928, acc: 0.7541
loss: 0.5958, acc: 0.7521
loss: 0.5996, acc: 0.7503
loss: 0.6023, acc: 0.7485
loss: 0.6027, acc: 0.7484
loss: 0.6057, acc: 0.7476
loss: 0.6066, acc: 0.7481
loss: 0.6081, acc: 0.7476
loss: 0.6072, acc: 0.7478
loss: 0.6083, acc: 0.7472
loss: 0.6068, acc: 0.7485
loss: 0.6069, acc: 0.7488
loss: 0.6083, acc: 0.7486
loss: 0.6098, acc: 0.7478
loss: 0.6078, acc: 0.7490
loss: 0.6077, acc: 0.7489
loss: 0.6084, acc: 0.7485
loss: 0.6081, acc: 0.7478
loss: 0.6077, acc: 0.7475
loss: 0.6086, acc: 0.7476
loss: 0.6083, acc: 0.7474
loss: 0.6073, acc: 0.7479
loss: 0.6095, acc: 0.7467
loss: 0.6087, acc: 0.7469
loss: 0.6098, acc: 0.7467
loss: 0.6097, acc: 0.7467
loss: 0.6108, acc: 0.7459
loss: 0.6111, acc: 0.7455
loss: 0.6122, acc: 0.7447
loss: 0.6105, acc: 0.7455
loss: 0.6106, acc: 0.7450
loss: 0.6110, acc: 0.7446
loss: 0.6115, acc: 0.7444
loss: 0.6115, acc: 0.7445
loss: 0.6108, acc: 0.7445
loss: 0.6114, acc: 0.7441
loss: 0.6107, acc: 0.7444
loss: 0.6114, acc: 0.7436
loss: 0.6118, acc: 0.7425
loss: 0.6115, acc: 0.7424
loss: 0.6124, acc: 0.7417
loss: 0.6119, acc: 0.7419
loss: 0.6121, acc: 0.7418
loss: 0.6134, acc: 0.7411
loss: 0.6133, acc: 0.7414
loss: 0.6133, acc: 0.7412
loss: 0.6136, acc: 0.7409
loss: 0.6129, acc: 0.7410
loss: 0.6134, acc: 0.7406
loss: 0.6132, acc: 0.7413
loss: 0.6137, acc: 0.7409
loss: 0.6136, acc: 0.7410
loss: 0.6126, acc: 0.7418
loss: 0.6124, acc: 0.7420
loss: 0.6120, acc: 0.7424
loss: 0.6118, acc: 0.7425
loss: 0.6122, acc: 0.7425
loss: 0.6133, acc: 0.7421
loss: 0.6142, acc: 0.7416
loss: 0.6143, acc: 0.7415
loss: 0.6141, acc: 0.7417
loss: 0.6134, acc: 0.7422
loss: 0.6130, acc: 0.7421
loss: 0.6129, acc: 0.7422
loss: 0.6132, acc: 0.7423
loss: 0.6128, acc: 0.7426
loss: 0.6130, acc: 0.7426
loss: 0.6131, acc: 0.7425
loss: 0.6130, acc: 0.7424
loss: 0.6129, acc: 0.7420
loss: 0.6129, acc: 0.7421
loss: 0.6132, acc: 0.7419
loss: 0.6131, acc: 0.7420
loss: 0.6122, acc: 0.7424
loss: 0.6124, acc: 0.7420
loss: 0.6131, acc: 0.7417
loss: 0.6131, acc: 0.7416
loss: 0.6126, acc: 0.7420
loss: 0.6119, acc: 0.7422
loss: 0.6122, acc: 0.7422
loss: 0.6120, acc: 0.7422
loss: 0.6131, acc: 0.7415
loss: 0.6131, acc: 0.7417
loss: 0.6142, acc: 0.7412
loss: 0.6140, acc: 0.7412
loss: 0.6142, acc: 0.7415
loss: 0.6139, acc: 0.7412
loss: 0.6131, acc: 0.7416
loss: 0.6125, acc: 0.7416
loss: 0.6127, acc: 0.7417
loss: 0.6127, acc: 0.7417
loss: 0.6122, acc: 0.7418
loss: 0.6120, acc: 0.7420
loss: 0.6120, acc: 0.7420
loss: 0.6126, acc: 0.7417
loss: 0.6122, acc: 0.7420
loss: 0.6121, acc: 0.7421
loss: 0.6129, acc: 0.7416
loss: 0.6128, acc: 0.7414
loss: 0.6130, acc: 0.7415
loss: 0.6129, acc: 0.7416
loss: 0.6127, acc: 0.7416
loss: 0.6122, acc: 0.7418
loss: 0.6122, acc: 0.7417
loss: 0.6118, acc: 0.7419
loss: 0.6118, acc: 0.7418
loss: 0.6112, acc: 0.7421
loss: 0.6116, acc: 0.7419
loss: 0.6116, acc: 0.7418
loss: 0.6119, acc: 0.7416
loss: 0.6118, acc: 0.7418
loss: 0.6121, acc: 0.7416
loss: 0.6126, acc: 0.7413
loss: 0.6128, acc: 0.7414
loss: 0.6126, acc: 0.7415
loss: 0.6129, acc: 0.7410
loss: 0.6130, acc: 0.7410
loss: 0.6126, acc: 0.7413
loss: 0.6133, acc: 0.7409
loss: 0.6132, acc: 0.7410
loss: 0.6138, acc: 0.7406
loss: 0.6137, acc: 0.7405
loss: 0.6138, acc: 0.7404
loss: 0.6137, acc: 0.7404
loss: 0.6137, acc: 0.7403
loss: 0.6137, acc: 0.7405
loss: 0.6141, acc: 0.7405
loss: 0.6137, acc: 0.7406
loss: 0.6139, acc: 0.7405
loss: 0.6141, acc: 0.7404
loss: 0.6148, acc: 0.7400
loss: 0.6149, acc: 0.7400
loss: 0.6152, acc: 0.7398
loss: 0.6152, acc: 0.7397
loss: 0.6153, acc: 0.7396
loss: 0.6158, acc: 0.7394
loss: 0.6156, acc: 0.7395
loss: 0.6156, acc: 0.7396
loss: 0.6155, acc: 0.7396
loss: 0.6153, acc: 0.7398
loss: 0.6149, acc: 0.7400
loss: 0.6150, acc: 0.7399
loss: 0.6152, acc: 0.7399
loss: 0.6152, acc: 0.7399
loss: 0.6150, acc: 0.7400
loss: 0.6149, acc: 0.7400
loss: 0.6150, acc: 0.7399
loss: 0.6148, acc: 0.7398
loss: 0.6152, acc: 0.7397
loss: 0.6153, acc: 0.7396
loss: 0.6152, acc: 0.7398
loss: 0.6152, acc: 0.7398
> val_acc: 0.7072, val_f1: 0.7068
>> saved: state_dict/ESIM_small_val_acc_0.7072
>>>>>>>>>>>>>>>>>>>>>>>>>>>>>>>>>>>>>>>>>>>>>>>>>>>>>>>>>>>>>>>>>>>>>>>>>>>>>>>>>>>>>>>>>>>>>>>>>>>>
epoch: 6
loss: 0.4339, acc: 0.8438
loss: 0.5374, acc: 0.7917
loss: 0.5590, acc: 0.7741
loss: 0.5481, acc: 0.7783
loss: 0.5503, acc: 0.7753
loss: 0.5363, acc: 0.7806
loss: 0.5341, acc: 0.7782
loss: 0.5348, acc: 0.7795
loss: 0.5396, acc: 0.7759
loss: 0.5448, acc: 0.7717
loss: 0.5501, acc: 0.7696
loss: 0.5559, acc: 0.7676
loss: 0.5568, acc: 0.7654
loss: 0.5546, acc: 0.7670
loss: 0.5517, acc: 0.7680
loss: 0.5476, acc: 0.7699
loss: 0.5465, acc: 0.7697
loss: 0.5469, acc: 0.7685
loss: 0.5434, acc: 0.7701
loss: 0.5433, acc: 0.7699
loss: 0.5468, acc: 0.7686
loss: 0.5455, acc: 0.7699
loss: 0.5453, acc: 0.7701
loss: 0.5456, acc: 0.7706
loss: 0.5485, acc: 0.7692
loss: 0.5497, acc: 0.7692
loss: 0.5497, acc: 0.7686
loss: 0.5518, acc: 0.7677
loss: 0.5520, acc: 0.7678
loss: 0.5527, acc: 0.7669
loss: 0.5538, acc: 0.7661
loss: 0.5543, acc: 0.7663
loss: 0.5546, acc: 0.7660
loss: 0.5549, acc: 0.7662
loss: 0.5565, acc: 0.7653
loss: 0.5568, acc: 0.7654
loss: 0.5577, acc: 0.7652
loss: 0.5584, acc: 0.7649
loss: 0.5580, acc: 0.7649
loss: 0.5592, acc: 0.7641
loss: 0.5613, acc: 0.7627
loss: 0.5620, acc: 0.7619
loss: 0.5624, acc: 0.7619
loss: 0.5627, acc: 0.7619
loss: 0.5631, acc: 0.7624
loss: 0.5635, acc: 0.7624
loss: 0.5636, acc: 0.7621
loss: 0.5637, acc: 0.7618
loss: 0.5623, acc: 0.7626
loss: 0.5639, acc: 0.7625
loss: 0.5635, acc: 0.7626
loss: 0.5638, acc: 0.7623
loss: 0.5646, acc: 0.7617
loss: 0.5627, acc: 0.7631
loss: 0.5633, acc: 0.7626
loss: 0.5626, acc: 0.7630
loss: 0.5634, acc: 0.7625
loss: 0.5640, acc: 0.7619
loss: 0.5640, acc: 0.7620
loss: 0.5634, acc: 0.7624
loss: 0.5637, acc: 0.7622
loss: 0.5637, acc: 0.7618
loss: 0.5643, acc: 0.7612
loss: 0.5643, acc: 0.7613
loss: 0.5650, acc: 0.7608
loss: 0.5660, acc: 0.7604
loss: 0.5662, acc: 0.7602
loss: 0.5659, acc: 0.7601
loss: 0.5660, acc: 0.7600
loss: 0.5651, acc: 0.7603
loss: 0.5659, acc: 0.7602
loss: 0.5665, acc: 0.7601
loss: 0.5664, acc: 0.7600
loss: 0.5672, acc: 0.7594
loss: 0.5672, acc: 0.7598
loss: 0.5675, acc: 0.7595
loss: 0.5678, acc: 0.7596
loss: 0.5677, acc: 0.7596
loss: 0.5685, acc: 0.7590
loss: 0.5689, acc: 0.7587
loss: 0.5687, acc: 0.7589
loss: 0.5684, acc: 0.7593
loss: 0.5679, acc: 0.7597
loss: 0.5678, acc: 0.7598
loss: 0.5673, acc: 0.7602
loss: 0.5674, acc: 0.7603
loss: 0.5674, acc: 0.7605
loss: 0.5677, acc: 0.7601
loss: 0.5685, acc: 0.7600
loss: 0.5684, acc: 0.7604
loss: 0.5684, acc: 0.7605
loss: 0.5685, acc: 0.7607
loss: 0.5694, acc: 0.7600
loss: 0.5702, acc: 0.7596
loss: 0.5695, acc: 0.7600
loss: 0.5688, acc: 0.7603
loss: 0.5690, acc: 0.7601
loss: 0.5687, acc: 0.7604
loss: 0.5688, acc: 0.7603
loss: 0.5688, acc: 0.7604
loss: 0.5687, acc: 0.7605
loss: 0.5694, acc: 0.7602
loss: 0.5700, acc: 0.7597
loss: 0.5698, acc: 0.7597
loss: 0.5700, acc: 0.7596
loss: 0.5707, acc: 0.7593
loss: 0.5707, acc: 0.7592
loss: 0.5711, acc: 0.7591
loss: 0.5715, acc: 0.7588
loss: 0.5714, acc: 0.7588
loss: 0.5712, acc: 0.7587
loss: 0.5718, acc: 0.7585
loss: 0.5715, acc: 0.7586
loss: 0.5722, acc: 0.7583
loss: 0.5724, acc: 0.7581
loss: 0.5726, acc: 0.7582
loss: 0.5726, acc: 0.7584
loss: 0.5727, acc: 0.7582
loss: 0.5725, acc: 0.7584
loss: 0.5727, acc: 0.7582
loss: 0.5731, acc: 0.7579
loss: 0.5737, acc: 0.7577
loss: 0.5736, acc: 0.7578
loss: 0.5735, acc: 0.7579
loss: 0.5735, acc: 0.7580
loss: 0.5737, acc: 0.7577
loss: 0.5740, acc: 0.7577
loss: 0.5744, acc: 0.7576
loss: 0.5742, acc: 0.7577
loss: 0.5741, acc: 0.7575
loss: 0.5746, acc: 0.7571
loss: 0.5741, acc: 0.7573
loss: 0.5738, acc: 0.7575
loss: 0.5742, acc: 0.7578
loss: 0.5745, acc: 0.7576
loss: 0.5752, acc: 0.7575
loss: 0.5753, acc: 0.7575
loss: 0.5753, acc: 0.7575
loss: 0.5753, acc: 0.7576
loss: 0.5754, acc: 0.7576
loss: 0.5760, acc: 0.7572
loss: 0.5765, acc: 0.7570
loss: 0.5765, acc: 0.7571
loss: 0.5768, acc: 0.7571
loss: 0.5768, acc: 0.7571
loss: 0.5770, acc: 0.7570
loss: 0.5772, acc: 0.7569
loss: 0.5772, acc: 0.7570
loss: 0.5776, acc: 0.7570
loss: 0.5777, acc: 0.7568
loss: 0.5774, acc: 0.7571
loss: 0.5776, acc: 0.7571
loss: 0.5776, acc: 0.7571
loss: 0.5772, acc: 0.7573
loss: 0.5772, acc: 0.7574
loss: 0.5771, acc: 0.7576
loss: 0.5768, acc: 0.7577
loss: 0.5772, acc: 0.7577
loss: 0.5771, acc: 0.7575
loss: 0.5770, acc: 0.7577
loss: 0.5775, acc: 0.7575
loss: 0.5778, acc: 0.7574
loss: 0.5781, acc: 0.7571
loss: 0.5788, acc: 0.7567
loss: 0.5791, acc: 0.7564
loss: 0.5796, acc: 0.7561
loss: 0.5798, acc: 0.7560
loss: 0.5801, acc: 0.7559
loss: 0.5802, acc: 0.7557
loss: 0.5804, acc: 0.7556
loss: 0.5805, acc: 0.7553
loss: 0.5805, acc: 0.7554
> val_acc: 0.7037, val_f1: 0.7014
>>>>>>>>>>>>>>>>>>>>>>>>>>>>>>>>>>>>>>>>>>>>>>>>>>>>>>>>>>>>>>>>>>>>>>>>>>>>>>>>>>>>>>>>>>>>>>>>>>>>
epoch: 7
loss: 0.5257, acc: 0.7969
loss: 0.5440, acc: 0.7746
loss: 0.5501, acc: 0.7695
loss: 0.5526, acc: 0.7684
loss: 0.5516, acc: 0.7713
loss: 0.5453, acc: 0.7755
loss: 0.5506, acc: 0.7744
loss: 0.5413, acc: 0.7800
loss: 0.5415, acc: 0.7790
loss: 0.5429, acc: 0.7789
loss: 0.5359, acc: 0.7849
loss: 0.5328, acc: 0.7829
loss: 0.5325, acc: 0.7823
loss: 0.5314, acc: 0.7824
loss: 0.5276, acc: 0.7845
loss: 0.5241, acc: 0.7853
loss: 0.5253, acc: 0.7849
loss: 0.5263, acc: 0.7843
loss: 0.5292, acc: 0.7818
loss: 0.5294, acc: 0.7811
loss: 0.5302, acc: 0.7799
loss: 0.5306, acc: 0.7799
loss: 0.5285, acc: 0.7808
loss: 0.5301, acc: 0.7798
loss: 0.5288, acc: 0.7804
loss: 0.5304, acc: 0.7799
loss: 0.5296, acc: 0.7805
loss: 0.5302, acc: 0.7798
loss: 0.5313, acc: 0.7794
loss: 0.5328, acc: 0.7781
loss: 0.5307, acc: 0.7791
loss: 0.5302, acc: 0.7796
loss: 0.5304, acc: 0.7794
loss: 0.5287, acc: 0.7808
loss: 0.5294, acc: 0.7797
loss: 0.5292, acc: 0.7790
loss: 0.5296, acc: 0.7788
loss: 0.5313, acc: 0.7781
loss: 0.5309, acc: 0.7783
loss: 0.5311, acc: 0.7782
loss: 0.5310, acc: 0.7787
loss: 0.5305, acc: 0.7792
loss: 0.5321, acc: 0.7787
loss: 0.5308, acc: 0.7790
loss: 0.5304, acc: 0.7790
loss: 0.5306, acc: 0.7786
loss: 0.5298, acc: 0.7792
loss: 0.5297, acc: 0.7793
loss: 0.5308, acc: 0.7791
loss: 0.5312, acc: 0.7783
loss: 0.5318, acc: 0.7777
loss: 0.5316, acc: 0.7778
loss: 0.5312, acc: 0.7783
loss: 0.5306, acc: 0.7783
loss: 0.5303, acc: 0.7787
loss: 0.5308, acc: 0.7788
loss: 0.5295, acc: 0.7797
loss: 0.5291, acc: 0.7799
loss: 0.5281, acc: 0.7803
loss: 0.5272, acc: 0.7808
loss: 0.5283, acc: 0.7804
loss: 0.5281, acc: 0.7805
loss: 0.5280, acc: 0.7806
loss: 0.5280, acc: 0.7809
loss: 0.5277, acc: 0.7812
loss: 0.5269, acc: 0.7817
loss: 0.5281, acc: 0.7812
loss: 0.5283, acc: 0.7814
loss: 0.5295, acc: 0.7813
loss: 0.5295, acc: 0.7813
loss: 0.5305, acc: 0.7814
loss: 0.5311, acc: 0.7814
loss: 0.5318, acc: 0.7812
loss: 0.5326, acc: 0.7808
loss: 0.5330, acc: 0.7806
loss: 0.5326, acc: 0.7810
loss: 0.5333, acc: 0.7808
loss: 0.5345, acc: 0.7804
loss: 0.5345, acc: 0.7803
loss: 0.5342, acc: 0.7804
loss: 0.5341, acc: 0.7804
loss: 0.5339, acc: 0.7806
loss: 0.5332, acc: 0.7810
loss: 0.5334, acc: 0.7812
loss: 0.5342, acc: 0.7811
loss: 0.5347, acc: 0.7808
loss: 0.5346, acc: 0.7809
loss: 0.5350, acc: 0.7808
loss: 0.5349, acc: 0.7807
loss: 0.5349, acc: 0.7807
loss: 0.5352, acc: 0.7809
loss: 0.5349, acc: 0.7810
loss: 0.5355, acc: 0.7806
loss: 0.5362, acc: 0.7804
loss: 0.5368, acc: 0.7800
loss: 0.5373, acc: 0.7797
loss: 0.5374, acc: 0.7798
loss: 0.5373, acc: 0.7798
loss: 0.5379, acc: 0.7794
loss: 0.5379, acc: 0.7794
loss: 0.5381, acc: 0.7793
loss: 0.5385, acc: 0.7791
loss: 0.5382, acc: 0.7792
loss: 0.5377, acc: 0.7794
loss: 0.5371, acc: 0.7796
loss: 0.5372, acc: 0.7796
loss: 0.5379, acc: 0.7791
loss: 0.5379, acc: 0.7792
loss: 0.5381, acc: 0.7791
loss: 0.5386, acc: 0.7788
loss: 0.5387, acc: 0.7789
loss: 0.5388, acc: 0.7787
loss: 0.5395, acc: 0.7786
loss: 0.5397, acc: 0.7785
loss: 0.5403, acc: 0.7779
loss: 0.5405, acc: 0.7778
loss: 0.5403, acc: 0.7779
loss: 0.5397, acc: 0.7782
loss: 0.5395, acc: 0.7785
loss: 0.5398, acc: 0.7783
loss: 0.5397, acc: 0.7782
loss: 0.5396, acc: 0.7783
loss: 0.5393, acc: 0.7784
loss: 0.5398, acc: 0.7782
loss: 0.5392, acc: 0.7785
loss: 0.5390, acc: 0.7786
loss: 0.5388, acc: 0.7787
loss: 0.5391, acc: 0.7786
loss: 0.5394, acc: 0.7783
loss: 0.5392, acc: 0.7784
loss: 0.5395, acc: 0.7783
loss: 0.5396, acc: 0.7783
loss: 0.5392, acc: 0.7784
loss: 0.5388, acc: 0.7785
loss: 0.5388, acc: 0.7786
loss: 0.5388, acc: 0.7785
loss: 0.5390, acc: 0.7783
loss: 0.5387, acc: 0.7785
loss: 0.5388, acc: 0.7786
loss: 0.5391, acc: 0.7784
loss: 0.5389, acc: 0.7784
loss: 0.5391, acc: 0.7784
loss: 0.5386, acc: 0.7786
loss: 0.5384, acc: 0.7787
loss: 0.5387, acc: 0.7787
loss: 0.5388, acc: 0.7785
loss: 0.5389, acc: 0.7787
loss: 0.5391, acc: 0.7785
loss: 0.5388, acc: 0.7788
loss: 0.5383, acc: 0.7789
loss: 0.5386, acc: 0.7787
loss: 0.5392, acc: 0.7785
loss: 0.5399, acc: 0.7781
loss: 0.5403, acc: 0.7779
loss: 0.5404, acc: 0.7779
loss: 0.5405, acc: 0.7778
loss: 0.5408, acc: 0.7776
loss: 0.5406, acc: 0.7778
loss: 0.5404, acc: 0.7777
loss: 0.5406, acc: 0.7775
loss: 0.5405, acc: 0.7777
loss: 0.5405, acc: 0.7778
loss: 0.5408, acc: 0.7776
loss: 0.5412, acc: 0.7774
loss: 0.5411, acc: 0.7776
loss: 0.5410, acc: 0.7776
loss: 0.5411, acc: 0.7777
loss: 0.5412, acc: 0.7778
loss: 0.5417, acc: 0.7776
loss: 0.5419, acc: 0.7774
loss: 0.5419, acc: 0.7774
loss: 0.5419, acc: 0.7774
> val_acc: 0.6957, val_f1: 0.6971
>>>>>>>>>>>>>>>>>>>>>>>>>>>>>>>>>>>>>>>>>>>>>>>>>>>>>>>>>>>>>>>>>>>>>>>>>>>>>>>>>>>>>>>>>>>>>>>>>>>>
epoch: 8
loss: 0.4898, acc: 0.8229
loss: 0.4642, acc: 0.8242
loss: 0.4880, acc: 0.8089
loss: 0.4752, acc: 0.8064
loss: 0.4783, acc: 0.8010
loss: 0.4846, acc: 0.7952
loss: 0.4872, acc: 0.7936
loss: 0.4858, acc: 0.7928
loss: 0.4907, acc: 0.7943
loss: 0.4972, acc: 0.7930
loss: 0.5033, acc: 0.7904
loss: 0.4945, acc: 0.7942
loss: 0.4915, acc: 0.7966
loss: 0.4860, acc: 0.7994
loss: 0.4874, acc: 0.7988
loss: 0.4884, acc: 0.7989
loss: 0.4893, acc: 0.7997
loss: 0.4865, acc: 0.8020
loss: 0.4934, acc: 0.7989
loss: 0.4907, acc: 0.8015
loss: 0.4889, acc: 0.8023
loss: 0.4899, acc: 0.8031
loss: 0.4925, acc: 0.8016
loss: 0.4909, acc: 0.8023
loss: 0.4906, acc: 0.8018
loss: 0.4900, acc: 0.8020
loss: 0.4913, acc: 0.8011
loss: 0.4901, acc: 0.8020
loss: 0.4881, acc: 0.8028
loss: 0.4888, acc: 0.8019
loss: 0.4856, acc: 0.8033
loss: 0.4860, acc: 0.8031
loss: 0.4863, acc: 0.8027
loss: 0.4866, acc: 0.8031
loss: 0.4864, acc: 0.8027
loss: 0.4870, acc: 0.8025
loss: 0.4870, acc: 0.8026
loss: 0.4877, acc: 0.8023
loss: 0.4898, acc: 0.8017
loss: 0.4905, acc: 0.8011
loss: 0.4922, acc: 0.8004
loss: 0.4911, acc: 0.8006
loss: 0.4903, acc: 0.8006
loss: 0.4897, acc: 0.8011
loss: 0.4884, acc: 0.8016
loss: 0.4889, acc: 0.8011
loss: 0.4895, acc: 0.8010
loss: 0.4890, acc: 0.8015
loss: 0.4890, acc: 0.8014
loss: 0.4887, acc: 0.8013
loss: 0.4893, acc: 0.8012
loss: 0.4886, acc: 0.8017
loss: 0.4890, acc: 0.8018
loss: 0.4888, acc: 0.8021
loss: 0.4880, acc: 0.8027
loss: 0.4888, acc: 0.8023
loss: 0.4882, acc: 0.8025
loss: 0.4894, acc: 0.8020
loss: 0.4903, acc: 0.8016
loss: 0.4907, acc: 0.8011
loss: 0.4902, acc: 0.8013
loss: 0.4903, acc: 0.8013
loss: 0.4915, acc: 0.8005
loss: 0.4915, acc: 0.8002
loss: 0.4917, acc: 0.7999
loss: 0.4932, acc: 0.7990
loss: 0.4944, acc: 0.7982
loss: 0.4947, acc: 0.7982
loss: 0.4958, acc: 0.7976
loss: 0.4958, acc: 0.7975
loss: 0.4957, acc: 0.7974
loss: 0.4954, acc: 0.7974
loss: 0.4952, acc: 0.7974
loss: 0.4954, acc: 0.7969
loss: 0.4952, acc: 0.7970
loss: 0.4947, acc: 0.7973
loss: 0.4943, acc: 0.7975
loss: 0.4946, acc: 0.7974
loss: 0.4938, acc: 0.7977
loss: 0.4956, acc: 0.7969
loss: 0.4948, acc: 0.7971
loss: 0.4946, acc: 0.7974
loss: 0.4954, acc: 0.7968
loss: 0.4949, acc: 0.7970
loss: 0.4946, acc: 0.7971
loss: 0.4950, acc: 0.7968
loss: 0.4951, acc: 0.7965
loss: 0.4951, acc: 0.7966
loss: 0.4951, acc: 0.7966
loss: 0.4952, acc: 0.7967
loss: 0.4952, acc: 0.7966
loss: 0.4952, acc: 0.7964
loss: 0.4953, acc: 0.7965
loss: 0.4964, acc: 0.7960
loss: 0.4963, acc: 0.7961
loss: 0.4965, acc: 0.7959
loss: 0.4959, acc: 0.7962
loss: 0.4960, acc: 0.7960
loss: 0.4956, acc: 0.7964
loss: 0.4964, acc: 0.7963
loss: 0.4967, acc: 0.7963
loss: 0.4971, acc: 0.7962
loss: 0.4977, acc: 0.7960
loss: 0.4976, acc: 0.7958
loss: 0.4975, acc: 0.7959
loss: 0.4975, acc: 0.7956
loss: 0.4977, acc: 0.7954
loss: 0.4982, acc: 0.7953
loss: 0.4983, acc: 0.7951
loss: 0.4988, acc: 0.7951
loss: 0.4983, acc: 0.7955
loss: 0.4985, acc: 0.7954
loss: 0.4983, acc: 0.7954
loss: 0.4990, acc: 0.7950
loss: 0.4987, acc: 0.7952
loss: 0.4980, acc: 0.7956
loss: 0.4979, acc: 0.7957
loss: 0.4982, acc: 0.7956
loss: 0.4982, acc: 0.7953
loss: 0.4982, acc: 0.7955
loss: 0.4980, acc: 0.7958
loss: 0.4980, acc: 0.7957
loss: 0.4982, acc: 0.7954
loss: 0.4987, acc: 0.7950
loss: 0.4988, acc: 0.7950
loss: 0.4989, acc: 0.7949
loss: 0.4989, acc: 0.7949
loss: 0.4990, acc: 0.7949
loss: 0.4995, acc: 0.7947
loss: 0.4998, acc: 0.7943
loss: 0.4998, acc: 0.7942
loss: 0.4995, acc: 0.7943
loss: 0.4994, acc: 0.7943
loss: 0.4996, acc: 0.7941
loss: 0.4996, acc: 0.7942
loss: 0.4997, acc: 0.7942
loss: 0.4996, acc: 0.7942
loss: 0.4996, acc: 0.7940
loss: 0.4997, acc: 0.7940
loss: 0.5000, acc: 0.7939
loss: 0.4999, acc: 0.7940
loss: 0.5000, acc: 0.7939
loss: 0.5003, acc: 0.7938
loss: 0.5005, acc: 0.7935
loss: 0.5005, acc: 0.7935
loss: 0.5007, acc: 0.7934
loss: 0.5009, acc: 0.7933
loss: 0.5011, acc: 0.7933
loss: 0.5011, acc: 0.7933
loss: 0.5012, acc: 0.7933
loss: 0.5013, acc: 0.7931
loss: 0.5018, acc: 0.7929
loss: 0.5019, acc: 0.7929
loss: 0.5022, acc: 0.7926
loss: 0.5020, acc: 0.7927
loss: 0.5025, acc: 0.7924
loss: 0.5026, acc: 0.7924
loss: 0.5026, acc: 0.7924
loss: 0.5026, acc: 0.7925
loss: 0.5028, acc: 0.7924
loss: 0.5027, acc: 0.7926
loss: 0.5028, acc: 0.7925
loss: 0.5026, acc: 0.7926
loss: 0.5030, acc: 0.7923
loss: 0.5028, acc: 0.7924
loss: 0.5027, acc: 0.7925
loss: 0.5032, acc: 0.7922
loss: 0.5032, acc: 0.7923
loss: 0.5032, acc: 0.7923
loss: 0.5034, acc: 0.7924
loss: 0.5034, acc: 0.7923
loss: 0.5034, acc: 0.7922
> val_acc: 0.6969, val_f1: 0.6963
>>>>>>>>>>>>>>>>>>>>>>>>>>>>>>>>>>>>>>>>>>>>>>>>>>>>>>>>>>>>>>>>>>>>>>>>>>>>>>>>>>>>>>>>>>>>>>>>>>>>
epoch: 9
loss: 0.4183, acc: 0.8398
loss: 0.4389, acc: 0.8229
loss: 0.4285, acc: 0.8270
loss: 0.4319, acc: 0.8322
loss: 0.4310, acc: 0.8307
loss: 0.4449, acc: 0.8249
loss: 0.4360, acc: 0.8272
loss: 0.4373, acc: 0.8277
loss: 0.4349, acc: 0.8295
loss: 0.4322, acc: 0.8284
loss: 0.4286, acc: 0.8290
loss: 0.4283, acc: 0.8265
loss: 0.4282, acc: 0.8245
loss: 0.4305, acc: 0.8236
loss: 0.4326, acc: 0.8209
loss: 0.4313, acc: 0.8200
loss: 0.4340, acc: 0.8190
loss: 0.4343, acc: 0.8188
loss: 0.4366, acc: 0.8182
loss: 0.4383, acc: 0.8185
loss: 0.4380, acc: 0.8182
loss: 0.4391, acc: 0.8172
loss: 0.4401, acc: 0.8169
loss: 0.4411, acc: 0.8172
loss: 0.4404, acc: 0.8182
loss: 0.4386, acc: 0.8195
loss: 0.4398, acc: 0.8198
loss: 0.4416, acc: 0.8194
loss: 0.4444, acc: 0.8186
loss: 0.4467, acc: 0.8178
loss: 0.4460, acc: 0.8172
loss: 0.4466, acc: 0.8166
loss: 0.4503, acc: 0.8155
loss: 0.4508, acc: 0.8156
loss: 0.4486, acc: 0.8169
loss: 0.4489, acc: 0.8165
loss: 0.4494, acc: 0.8166
loss: 0.4506, acc: 0.8166
loss: 0.4512, acc: 0.8161
loss: 0.4509, acc: 0.8165
loss: 0.4511, acc: 0.8166
loss: 0.4498, acc: 0.8176
loss: 0.4487, acc: 0.8183
loss: 0.4494, acc: 0.8181
loss: 0.4494, acc: 0.8182
loss: 0.4496, acc: 0.8177
loss: 0.4493, acc: 0.8177
loss: 0.4494, acc: 0.8175
loss: 0.4501, acc: 0.8170
loss: 0.4500, acc: 0.8170
loss: 0.4495, acc: 0.8174
loss: 0.4495, acc: 0.8176
loss: 0.4489, acc: 0.8179
loss: 0.4487, acc: 0.8182
loss: 0.4484, acc: 0.8184
loss: 0.4481, acc: 0.8187
loss: 0.4486, acc: 0.8185
loss: 0.4500, acc: 0.8181
loss: 0.4510, acc: 0.8176
loss: 0.4501, acc: 0.8180
loss: 0.4506, acc: 0.8176
loss: 0.4502, acc: 0.8178
loss: 0.4499, acc: 0.8178
loss: 0.4497, acc: 0.8177
loss: 0.4500, acc: 0.8172
loss: 0.4509, acc: 0.8167
loss: 0.4512, acc: 0.8168
loss: 0.4511, acc: 0.8168
loss: 0.4522, acc: 0.8164
loss: 0.4528, acc: 0.8163
loss: 0.4536, acc: 0.8162
loss: 0.4541, acc: 0.8162
loss: 0.4550, acc: 0.8155
loss: 0.4552, acc: 0.8153
loss: 0.4552, acc: 0.8155
loss: 0.4559, acc: 0.8154
loss: 0.4561, acc: 0.8152
loss: 0.4550, acc: 0.8158
loss: 0.4548, acc: 0.8159
loss: 0.4554, acc: 0.8155
loss: 0.4555, acc: 0.8154
loss: 0.4557, acc: 0.8154
loss: 0.4564, acc: 0.8153
loss: 0.4570, acc: 0.8148
loss: 0.4568, acc: 0.8151
loss: 0.4572, acc: 0.8148
loss: 0.4576, acc: 0.8148
loss: 0.4577, acc: 0.8146
loss: 0.4581, acc: 0.8144
loss: 0.4580, acc: 0.8142
loss: 0.4585, acc: 0.8140
loss: 0.4590, acc: 0.8134
loss: 0.4589, acc: 0.8133
loss: 0.4592, acc: 0.8130
loss: 0.4593, acc: 0.8130
loss: 0.4596, acc: 0.8129
loss: 0.4605, acc: 0.8123
loss: 0.4605, acc: 0.8125
loss: 0.4607, acc: 0.8122
loss: 0.4609, acc: 0.8121
loss: 0.4614, acc: 0.8119
loss: 0.4613, acc: 0.8121
loss: 0.4614, acc: 0.8121
loss: 0.4618, acc: 0.8119
loss: 0.4618, acc: 0.8117
loss: 0.4609, acc: 0.8120
loss: 0.4612, acc: 0.8116
loss: 0.4620, acc: 0.8112
loss: 0.4624, acc: 0.8108
loss: 0.4622, acc: 0.8111
loss: 0.4623, acc: 0.8112
loss: 0.4615, acc: 0.8114
loss: 0.4614, acc: 0.8115
loss: 0.4612, acc: 0.8114
loss: 0.4616, acc: 0.8111
loss: 0.4622, acc: 0.8109
loss: 0.4625, acc: 0.8107
loss: 0.4622, acc: 0.8109
loss: 0.4626, acc: 0.8110
loss: 0.4623, acc: 0.8110
loss: 0.4624, acc: 0.8108
loss: 0.4621, acc: 0.8110
loss: 0.4620, acc: 0.8112
loss: 0.4623, acc: 0.8111
loss: 0.4627, acc: 0.8109
loss: 0.4625, acc: 0.8110
loss: 0.4626, acc: 0.8111
loss: 0.4625, acc: 0.8111
loss: 0.4624, acc: 0.8111
loss: 0.4623, acc: 0.8112
loss: 0.4622, acc: 0.8112
loss: 0.4623, acc: 0.8112
loss: 0.4625, acc: 0.8113
loss: 0.4635, acc: 0.8109
loss: 0.4634, acc: 0.8109
loss: 0.4638, acc: 0.8106
loss: 0.4640, acc: 0.8106
loss: 0.4644, acc: 0.8105
loss: 0.4645, acc: 0.8102
loss: 0.4644, acc: 0.8102
loss: 0.4641, acc: 0.8103
loss: 0.4644, acc: 0.8100
loss: 0.4643, acc: 0.8101
loss: 0.4645, acc: 0.8099
loss: 0.4649, acc: 0.8098
loss: 0.4654, acc: 0.8097
loss: 0.4663, acc: 0.8093
loss: 0.4661, acc: 0.8094
loss: 0.4665, acc: 0.8091
loss: 0.4662, acc: 0.8092
loss: 0.4665, acc: 0.8090
loss: 0.4667, acc: 0.8089
loss: 0.4665, acc: 0.8088
loss: 0.4667, acc: 0.8086
loss: 0.4663, acc: 0.8089
loss: 0.4663, acc: 0.8089
loss: 0.4662, acc: 0.8089
loss: 0.4663, acc: 0.8090
loss: 0.4661, acc: 0.8090
loss: 0.4663, acc: 0.8089
loss: 0.4661, acc: 0.8090
loss: 0.4661, acc: 0.8090
loss: 0.4666, acc: 0.8088
loss: 0.4668, acc: 0.8086
loss: 0.4665, acc: 0.8088
loss: 0.4667, acc: 0.8088
loss: 0.4669, acc: 0.8087
loss: 0.4670, acc: 0.8088
loss: 0.4671, acc: 0.8089
loss: 0.4676, acc: 0.8087
loss: 0.4677, acc: 0.8087
loss: 0.4678, acc: 0.8085
> val_acc: 0.6919, val_f1: 0.6912
>> test_acc: 0.7072, test_f1: 0.7068
