cuda memory allocated: 509347840
> n_trainable_params: 127011076, n_nontrainable_params: 0
> training arguments:
>>> model_name: Self-Explain-Roberta
>>> dataset: small
>>> optimizer: <class 'torch.optim.adamw.AdamW'>
>>> initializer: <function kaiming_uniform_ at 0x00000187D3BEE290>
>>> lr: 2e-05
>>> dropout: 0.1
>>> l2reg: 1e-05
>>> lambd: 1.0
>>> epochs: 5
>>> batch_size: 8
>>> log_step: 10
>>> max_seq_len: 512
>>> num_classes: 3
>>> device: cuda
>>> seed: 42
>>> valset_ratio: 0.0
>>> model_class: <class 'models.self_explain_robert.ExplainableModel'>
>>> dataset_file: {'train': 'dataset/snli_1.0_train_small.jsonl', 'val': 'dataset/snli_1.0_dev.jsonl', 'test': 'dataset/snli_1.0_test.jsonl'}
>>> roberta_config_path: ../../../pretrained/RobertaConfig/models--roberta-base/snapshots/e2da8e2f811d1448a5b465c236feacd80ffbac7b
>>> roberta_model_path: ../../../pretrained/RobertaModel/models--roberta-base/snapshots/e2da8e2f811d1448a5b465c236feacd80ffbac7b
>>> roberta_tokenizer_path: ../../../pretrained/RobertaTokenizer/models--roberta-base/snapshots/e2da8e2f811d1448a5b465c236feacd80ffbac7b
>>> tokenizer: RobertaTokenizer(name_or_path='../../../pretrained/RobertaTokenizer/models--roberta-base/snapshots/e2da8e2f811d1448a5b465c236feacd80ffbac7b', vocab_size=50265, model_max_length=512, is_fast=False, padding_side='right', truncation_side='right', special_tokens={'bos_token': '<s>', 'eos_token': '</s>', 'unk_token': '<unk>', 'sep_token': '</s>', 'pad_token': '<pad>', 'cls_token': '<s>', 'mask_token': '<mask>'}, clean_up_tokenization_spaces=True),  added_tokens_decoder={
	0: AddedToken("<s>", rstrip=False, lstrip=False, single_word=False, normalized=True, special=True),
	1: AddedToken("<pad>", rstrip=False, lstrip=False, single_word=False, normalized=True, special=True),
	2: AddedToken("</s>", rstrip=False, lstrip=False, single_word=False, normalized=True, special=True),
	3: AddedToken("<unk>", rstrip=False, lstrip=False, single_word=False, normalized=True, special=True),
	50264: AddedToken("<mask>", rstrip=False, lstrip=True, single_word=False, normalized=False, special=True),
}
>>>>>>>>>>>>>>>>>>>>>>>>>>>>>>>>>>>>>>>>>>>>>>>>>>>>>>>>>>>>>>>>>>>>>>>>>>>>>>>>>>>>>>>>>>>>>>>>>>>>
epoch: 0
loss: 1.1772, acc: 0.4250
loss: 1.1727, acc: 0.4000
loss: 1.1668, acc: 0.4000
loss: 1.1657, acc: 0.3844
loss: 1.1590, acc: 0.3775
loss: 1.1638, acc: 0.3667
loss: 1.1519, acc: 0.3804
loss: 1.1457, acc: 0.3859
loss: 1.1340, acc: 0.3917
loss: 1.1176, acc: 0.4100
loss: 1.1051, acc: 0.4182
loss: 1.1057, acc: 0.4240
loss: 1.0932, acc: 0.4394
loss: 1.0750, acc: 0.4554
loss: 1.0626, acc: 0.4683
loss: 1.0562, acc: 0.4727
loss: 1.0477, acc: 0.4772
loss: 1.0384, acc: 0.4875
loss: 1.0293, acc: 0.4941
loss: 1.0119, acc: 0.5094
loss: 0.9987, acc: 0.5190
loss: 0.9894, acc: 0.5250
loss: 0.9736, acc: 0.5359
loss: 0.9715, acc: 0.5370
loss: 0.9647, acc: 0.5450
loss: 0.9552, acc: 0.5510
loss: 0.9477, acc: 0.5569
loss: 0.9398, acc: 0.5616
loss: 0.9314, acc: 0.5677
loss: 0.9232, acc: 0.5729
loss: 0.9178, acc: 0.5762
loss: 0.9107, acc: 0.5816
loss: 0.9018, acc: 0.5879
loss: 0.8961, acc: 0.5930
loss: 0.8882, acc: 0.5979
loss: 0.8789, acc: 0.6031
loss: 0.8709, acc: 0.6084
loss: 0.8670, acc: 0.6115
loss: 0.8644, acc: 0.6138
loss: 0.8623, acc: 0.6147
loss: 0.8549, acc: 0.6186
loss: 0.8521, acc: 0.6205
loss: 0.8462, acc: 0.6247
loss: 0.8429, acc: 0.6259
loss: 0.8360, acc: 0.6294
loss: 0.8276, acc: 0.6334
loss: 0.8210, acc: 0.6375
loss: 0.8209, acc: 0.6391
loss: 0.8176, acc: 0.6411
loss: 0.8149, acc: 0.6428
loss: 0.8100, acc: 0.6451
loss: 0.8053, acc: 0.6483
loss: 0.7989, acc: 0.6517
loss: 0.7941, acc: 0.6549
loss: 0.7893, acc: 0.6577
loss: 0.7828, acc: 0.6609
loss: 0.7804, acc: 0.6627
loss: 0.7742, acc: 0.6664
loss: 0.7703, acc: 0.6686
loss: 0.7677, acc: 0.6706
loss: 0.7652, acc: 0.6717
loss: 0.7630, acc: 0.6730
loss: 0.7629, acc: 0.6738
loss: 0.7584, acc: 0.6760
loss: 0.7579, acc: 0.6762
loss: 0.7578, acc: 0.6773
loss: 0.7555, acc: 0.6784
loss: 0.7514, acc: 0.6803
loss: 0.7490, acc: 0.6817
loss: 0.7468, acc: 0.6827
loss: 0.7449, acc: 0.6835
loss: 0.7435, acc: 0.6842
loss: 0.7409, acc: 0.6858
loss: 0.7414, acc: 0.6855
loss: 0.7399, acc: 0.6865
loss: 0.7368, acc: 0.6885
loss: 0.7330, acc: 0.6901
loss: 0.7304, acc: 0.6910
loss: 0.7289, acc: 0.6922
loss: 0.7291, acc: 0.6925
loss: 0.7285, acc: 0.6929
loss: 0.7274, acc: 0.6942
loss: 0.7254, acc: 0.6950
loss: 0.7254, acc: 0.6958
loss: 0.7223, acc: 0.6974
loss: 0.7199, acc: 0.6985
loss: 0.7209, acc: 0.6984
loss: 0.7204, acc: 0.6989
loss: 0.7195, acc: 0.6999
loss: 0.7193, acc: 0.6999
loss: 0.7176, acc: 0.7011
loss: 0.7159, acc: 0.7016
loss: 0.7147, acc: 0.7023
loss: 0.7132, acc: 0.7032
loss: 0.7099, acc: 0.7046
loss: 0.7090, acc: 0.7055
loss: 0.7077, acc: 0.7063
loss: 0.7058, acc: 0.7073
loss: 0.7053, acc: 0.7074
loss: 0.7038, acc: 0.7080
loss: 0.7026, acc: 0.7087
loss: 0.7006, acc: 0.7097
loss: 0.6998, acc: 0.7104
loss: 0.6992, acc: 0.7109
loss: 0.6971, acc: 0.7123
loss: 0.6954, acc: 0.7131
loss: 0.6930, acc: 0.7143
loss: 0.6915, acc: 0.7152
loss: 0.6905, acc: 0.7161
loss: 0.6897, acc: 0.7168
loss: 0.6901, acc: 0.7170
loss: 0.6875, acc: 0.7182
loss: 0.6863, acc: 0.7186
loss: 0.6857, acc: 0.7192
loss: 0.6859, acc: 0.7188
loss: 0.6854, acc: 0.7192
loss: 0.6853, acc: 0.7194
loss: 0.6837, acc: 0.7203
loss: 0.6832, acc: 0.7203
loss: 0.6819, acc: 0.7208
loss: 0.6808, acc: 0.7216
loss: 0.6796, acc: 0.7217
loss: 0.6782, acc: 0.7225
loss: 0.6773, acc: 0.7229
loss: 0.6762, acc: 0.7235
loss: 0.6758, acc: 0.7240
loss: 0.6733, acc: 0.7254
loss: 0.6724, acc: 0.7258
loss: 0.6713, acc: 0.7264
loss: 0.6706, acc: 0.7271
loss: 0.6696, acc: 0.7275
loss: 0.6683, acc: 0.7283
loss: 0.6685, acc: 0.7284
loss: 0.6675, acc: 0.7292
loss: 0.6673, acc: 0.7294
loss: 0.6662, acc: 0.7302
loss: 0.6649, acc: 0.7307
loss: 0.6641, acc: 0.7315
loss: 0.6630, acc: 0.7323
loss: 0.6608, acc: 0.7334
loss: 0.6595, acc: 0.7341
loss: 0.6588, acc: 0.7344
loss: 0.6566, acc: 0.7354
loss: 0.6556, acc: 0.7363
loss: 0.6559, acc: 0.7363
loss: 0.6555, acc: 0.7365
loss: 0.6551, acc: 0.7368
loss: 0.6542, acc: 0.7371
loss: 0.6538, acc: 0.7374
loss: 0.6528, acc: 0.7380
loss: 0.6527, acc: 0.7380
loss: 0.6510, acc: 0.7388
loss: 0.6495, acc: 0.7395
loss: 0.6479, acc: 0.7404
loss: 0.6477, acc: 0.7405
loss: 0.6467, acc: 0.7409
loss: 0.6465, acc: 0.7411
loss: 0.6463, acc: 0.7412
loss: 0.6457, acc: 0.7414
loss: 0.6437, acc: 0.7423
loss: 0.6431, acc: 0.7427
loss: 0.6427, acc: 0.7429
loss: 0.6417, acc: 0.7436
loss: 0.6403, acc: 0.7441
loss: 0.6395, acc: 0.7446
loss: 0.6391, acc: 0.7447
loss: 0.6380, acc: 0.7451
loss: 0.6373, acc: 0.7453
loss: 0.6362, acc: 0.7460
loss: 0.6357, acc: 0.7463
loss: 0.6361, acc: 0.7463
loss: 0.6350, acc: 0.7468
loss: 0.6342, acc: 0.7470
loss: 0.6334, acc: 0.7475
loss: 0.6339, acc: 0.7474
loss: 0.6325, acc: 0.7481
loss: 0.6318, acc: 0.7485
loss: 0.6317, acc: 0.7485
loss: 0.6309, acc: 0.7490
loss: 0.6303, acc: 0.7494
loss: 0.6305, acc: 0.7495
loss: 0.6297, acc: 0.7498
loss: 0.6289, acc: 0.7501
loss: 0.6284, acc: 0.7503
loss: 0.6285, acc: 0.7505
loss: 0.6284, acc: 0.7509
loss: 0.6273, acc: 0.7512
loss: 0.6271, acc: 0.7515
loss: 0.6267, acc: 0.7517
loss: 0.6260, acc: 0.7520
loss: 0.6258, acc: 0.7520
loss: 0.6252, acc: 0.7523
loss: 0.6249, acc: 0.7523
loss: 0.6250, acc: 0.7524
loss: 0.6240, acc: 0.7529
loss: 0.6237, acc: 0.7529
loss: 0.6233, acc: 0.7530
loss: 0.6226, acc: 0.7534
loss: 0.6226, acc: 0.7534
loss: 0.6223, acc: 0.7537
loss: 0.6215, acc: 0.7542
loss: 0.6202, acc: 0.7546
loss: 0.6204, acc: 0.7547
loss: 0.6197, acc: 0.7550
loss: 0.6185, acc: 0.7555
loss: 0.6178, acc: 0.7558
loss: 0.6170, acc: 0.7562
loss: 0.6162, acc: 0.7564
loss: 0.6155, acc: 0.7568
loss: 0.6147, acc: 0.7570
loss: 0.6152, acc: 0.7568
loss: 0.6143, acc: 0.7571
loss: 0.6137, acc: 0.7573
loss: 0.6138, acc: 0.7572
loss: 0.6134, acc: 0.7574
loss: 0.6134, acc: 0.7573
loss: 0.6134, acc: 0.7573
loss: 0.6133, acc: 0.7573
loss: 0.6131, acc: 0.7576
loss: 0.6125, acc: 0.7581
loss: 0.6123, acc: 0.7580
loss: 0.6116, acc: 0.7581
loss: 0.6110, acc: 0.7582
loss: 0.6098, acc: 0.7589
loss: 0.6094, acc: 0.7590
loss: 0.6093, acc: 0.7591
loss: 0.6093, acc: 0.7590
loss: 0.6086, acc: 0.7594
loss: 0.6081, acc: 0.7597
loss: 0.6072, acc: 0.7602
loss: 0.6070, acc: 0.7602
loss: 0.6061, acc: 0.7606
loss: 0.6055, acc: 0.7608
loss: 0.6040, acc: 0.7615
loss: 0.6035, acc: 0.7621
loss: 0.6023, acc: 0.7626
loss: 0.6024, acc: 0.7625
loss: 0.6024, acc: 0.7627
loss: 0.6016, acc: 0.7630
loss: 0.6014, acc: 0.7630
loss: 0.6010, acc: 0.7632
loss: 0.6007, acc: 0.7634
loss: 0.6001, acc: 0.7636
loss: 0.5995, acc: 0.7638
loss: 0.5987, acc: 0.7642
loss: 0.5975, acc: 0.7647
loss: 0.5965, acc: 0.7652
loss: 0.5970, acc: 0.7654
loss: 0.5966, acc: 0.7655
loss: 0.5958, acc: 0.7660
loss: 0.5952, acc: 0.7661
loss: 0.5947, acc: 0.7664
loss: 0.5942, acc: 0.7665
loss: 0.5940, acc: 0.7666
loss: 0.5937, acc: 0.7666
loss: 0.5942, acc: 0.7662
loss: 0.5937, acc: 0.7664
loss: 0.5934, acc: 0.7667
loss: 0.5929, acc: 0.7669
loss: 0.5927, acc: 0.7671
loss: 0.5925, acc: 0.7672
loss: 0.5924, acc: 0.7673
loss: 0.5924, acc: 0.7673
loss: 0.5922, acc: 0.7674
loss: 0.5915, acc: 0.7677
loss: 0.5907, acc: 0.7679
loss: 0.5910, acc: 0.7677
loss: 0.5908, acc: 0.7678
loss: 0.5907, acc: 0.7678
loss: 0.5904, acc: 0.7678
loss: 0.5898, acc: 0.7680
loss: 0.5892, acc: 0.7684
loss: 0.5899, acc: 0.7682
loss: 0.5895, acc: 0.7683
loss: 0.5891, acc: 0.7685
loss: 0.5889, acc: 0.7683
loss: 0.5886, acc: 0.7685
loss: 0.5890, acc: 0.7683
loss: 0.5885, acc: 0.7685
loss: 0.5883, acc: 0.7685
loss: 0.5878, acc: 0.7687
loss: 0.5874, acc: 0.7688
loss: 0.5869, acc: 0.7692
loss: 0.5871, acc: 0.7690
loss: 0.5867, acc: 0.7693
loss: 0.5864, acc: 0.7694
loss: 0.5863, acc: 0.7695
loss: 0.5855, acc: 0.7697
loss: 0.5852, acc: 0.7698
loss: 0.5851, acc: 0.7699
loss: 0.5845, acc: 0.7701
loss: 0.5840, acc: 0.7704
loss: 0.5841, acc: 0.7705
loss: 0.5840, acc: 0.7705
loss: 0.5839, acc: 0.7706
loss: 0.5834, acc: 0.7708
loss: 0.5833, acc: 0.7707
loss: 0.5825, acc: 0.7710
loss: 0.5828, acc: 0.7709
loss: 0.5821, acc: 0.7713
loss: 0.5814, acc: 0.7716
loss: 0.5806, acc: 0.7719
loss: 0.5805, acc: 0.7719
loss: 0.5801, acc: 0.7721
loss: 0.5798, acc: 0.7723
loss: 0.5792, acc: 0.7726
loss: 0.5789, acc: 0.7728
loss: 0.5789, acc: 0.7728
loss: 0.5786, acc: 0.7728
loss: 0.5782, acc: 0.7731
loss: 0.5781, acc: 0.7733
loss: 0.5778, acc: 0.7733
loss: 0.5773, acc: 0.7735
loss: 0.5770, acc: 0.7737
loss: 0.5763, acc: 0.7740
loss: 0.5760, acc: 0.7741
loss: 0.5756, acc: 0.7743
loss: 0.5751, acc: 0.7746
loss: 0.5753, acc: 0.7746
loss: 0.5747, acc: 0.7748
loss: 0.5743, acc: 0.7750
loss: 0.5741, acc: 0.7752
loss: 0.5736, acc: 0.7754
loss: 0.5732, acc: 0.7755
loss: 0.5733, acc: 0.7754
loss: 0.5731, acc: 0.7756
loss: 0.5725, acc: 0.7757
loss: 0.5725, acc: 0.7758
loss: 0.5728, acc: 0.7756
loss: 0.5723, acc: 0.7759
loss: 0.5720, acc: 0.7761
loss: 0.5720, acc: 0.7760
loss: 0.5716, acc: 0.7762
loss: 0.5713, acc: 0.7763
loss: 0.5706, acc: 0.7767
loss: 0.5706, acc: 0.7767
loss: 0.5703, acc: 0.7769
loss: 0.5700, acc: 0.7770
loss: 0.5697, acc: 0.7771
loss: 0.5698, acc: 0.7771
loss: 0.5695, acc: 0.7773
loss: 0.5692, acc: 0.7775
loss: 0.5695, acc: 0.7775
loss: 0.5693, acc: 0.7775
loss: 0.5692, acc: 0.7778
loss: 0.5692, acc: 0.7779
loss: 0.5690, acc: 0.7780
loss: 0.5692, acc: 0.7780
loss: 0.5690, acc: 0.7780
loss: 0.5683, acc: 0.7784
loss: 0.5677, acc: 0.7786
loss: 0.5679, acc: 0.7785
loss: 0.5676, acc: 0.7788
loss: 0.5673, acc: 0.7790
loss: 0.5670, acc: 0.7791
loss: 0.5666, acc: 0.7792
loss: 0.5668, acc: 0.7792
loss: 0.5667, acc: 0.7792
loss: 0.5670, acc: 0.7791
loss: 0.5666, acc: 0.7792
loss: 0.5665, acc: 0.7793
loss: 0.5662, acc: 0.7797
loss: 0.5660, acc: 0.7798
loss: 0.5654, acc: 0.7802
loss: 0.5652, acc: 0.7803
loss: 0.5650, acc: 0.7804
loss: 0.5647, acc: 0.7806
loss: 0.5645, acc: 0.7808
loss: 0.5642, acc: 0.7809
loss: 0.5642, acc: 0.7810
loss: 0.5638, acc: 0.7811
loss: 0.5638, acc: 0.7809
loss: 0.5634, acc: 0.7811
loss: 0.5631, acc: 0.7812
loss: 0.5626, acc: 0.7816
loss: 0.5625, acc: 0.7816
loss: 0.5620, acc: 0.7818
loss: 0.5619, acc: 0.7819
loss: 0.5617, acc: 0.7820
loss: 0.5615, acc: 0.7822
loss: 0.5617, acc: 0.7823
loss: 0.5614, acc: 0.7824
loss: 0.5612, acc: 0.7825
loss: 0.5610, acc: 0.7826
loss: 0.5605, acc: 0.7827
loss: 0.5600, acc: 0.7830
loss: 0.5596, acc: 0.7832
loss: 0.5595, acc: 0.7833
loss: 0.5591, acc: 0.7836
loss: 0.5588, acc: 0.7838
loss: 0.5587, acc: 0.7839
loss: 0.5588, acc: 0.7839
loss: 0.5586, acc: 0.7840
loss: 0.5583, acc: 0.7841
loss: 0.5578, acc: 0.7843
loss: 0.5576, acc: 0.7845
loss: 0.5571, acc: 0.7846
loss: 0.5567, acc: 0.7849
loss: 0.5570, acc: 0.7847
loss: 0.5564, acc: 0.7851
loss: 0.5562, acc: 0.7852
loss: 0.5560, acc: 0.7853
loss: 0.5555, acc: 0.7855
loss: 0.5558, acc: 0.7854
loss: 0.5553, acc: 0.7857
loss: 0.5552, acc: 0.7858
loss: 0.5548, acc: 0.7860
loss: 0.5546, acc: 0.7860
loss: 0.5542, acc: 0.7862
loss: 0.5541, acc: 0.7863
loss: 0.5544, acc: 0.7862
loss: 0.5542, acc: 0.7863
loss: 0.5539, acc: 0.7864
loss: 0.5540, acc: 0.7864
loss: 0.5539, acc: 0.7864
loss: 0.5538, acc: 0.7864
loss: 0.5533, acc: 0.7867
loss: 0.5529, acc: 0.7869
loss: 0.5528, acc: 0.7871
loss: 0.5526, acc: 0.7872
loss: 0.5524, acc: 0.7873
loss: 0.5524, acc: 0.7874
loss: 0.5522, acc: 0.7875
loss: 0.5520, acc: 0.7876
loss: 0.5520, acc: 0.7877
loss: 0.5518, acc: 0.7879
loss: 0.5513, acc: 0.7881
loss: 0.5512, acc: 0.7882
loss: 0.5511, acc: 0.7883
loss: 0.5508, acc: 0.7884
loss: 0.5507, acc: 0.7884
loss: 0.5504, acc: 0.7886
loss: 0.5505, acc: 0.7886
loss: 0.5508, acc: 0.7886
loss: 0.5507, acc: 0.7886
loss: 0.5506, acc: 0.7887
loss: 0.5503, acc: 0.7888
loss: 0.5500, acc: 0.7889
loss: 0.5498, acc: 0.7889
loss: 0.5497, acc: 0.7889
loss: 0.5493, acc: 0.7891
loss: 0.5494, acc: 0.7891
loss: 0.5495, acc: 0.7891
loss: 0.5489, acc: 0.7892
loss: 0.5486, acc: 0.7894
