cuda memory allocated: 7326208
> n_trainable_params: 202730, n_nontrainable_params: 1628400
> training arguments:
>>> model_name: LSTM_CRF
>>> dataset: small
>>> optimizer: <class 'torch.optim.adamw.AdamW'>
>>> initializer: <function kaiming_uniform_ at 0x0000024F546C5E10>
>>> lr: 0.01
>>> dropout: 0.1
>>> l2reg: 0.01
>>> epochs: 10
>>> batch_size: 64
>>> log_step: 10
>>> embed_dim: 300
>>> hidden_dim: 100
>>> lstm_num_layers: 2
>>> max_seq_len: 85
>>> device: cuda
>>> seed: 42
>>> valset_ratio: 0.0
>>> model_class: <class 'models.lstm_crf.LSTM_CRF'>
>>> dataset_file: {'train': 'dataset/train_small.txt', 'val': 'dataset/dev.txt', 'test': 'dataset/test.txt'}
>>> target_size: 10
>>>>>>>>>>>>>>>>>>>>>>>>>>>>>>>>>>>>>>>>>>>>>>>>>>>>>>>>>>>>>>>>>>>>>>>>>>>>>>>>>>>>>>>>>>>>>>>>>>>>
epoch: 0
loss: 14.2950, f1: 0.7240
loss: 10.4486, f1: 0.7842
> val_f1: 0.7658
>> saved: state_dict/LSTM_CRF_small_val_f1_0.7658
>>>>>>>>>>>>>>>>>>>>>>>>>>>>>>>>>>>>>>>>>>>>>>>>>>>>>>>>>>>>>>>>>>>>>>>>>>>>>>>>>>>>>>>>>>>>>>>>>>>>
epoch: 1
loss: 5.1801, f1: 0.8725
loss: 4.9210, f1: 0.8795
> val_f1: 0.7916
>> saved: state_dict/LSTM_CRF_small_val_f1_0.7916
>>>>>>>>>>>>>>>>>>>>>>>>>>>>>>>>>>>>>>>>>>>>>>>>>>>>>>>>>>>>>>>>>>>>>>>>>>>>>>>>>>>>>>>>>>>>>>>>>>>>
epoch: 2
loss: 3.6062, f1: 0.9023
loss: 3.6971, f1: 0.9003
> val_f1: 0.7829
>>>>>>>>>>>>>>>>>>>>>>>>>>>>>>>>>>>>>>>>>>>>>>>>>>>>>>>>>>>>>>>>>>>>>>>>>>>>>>>>>>>>>>>>>>>>>>>>>>>>
epoch: 3
loss: 3.2839, f1: 0.9165
loss: 3.1122, f1: 0.9182
loss: 2.9517, f1: 0.9211
> val_f1: 0.8192
>> saved: state_dict/LSTM_CRF_small_val_f1_0.8192
>>>>>>>>>>>>>>>>>>>>>>>>>>>>>>>>>>>>>>>>>>>>>>>>>>>>>>>>>>>>>>>>>>>>>>>>>>>>>>>>>>>>>>>>>>>>>>>>>>>>
epoch: 4
loss: 2.4195, f1: 0.9380
loss: 2.3148, f1: 0.9407
> val_f1: 0.8371
>> saved: state_dict/LSTM_CRF_small_val_f1_0.8371
>>>>>>>>>>>>>>>>>>>>>>>>>>>>>>>>>>>>>>>>>>>>>>>>>>>>>>>>>>>>>>>>>>>>>>>>>>>>>>>>>>>>>>>>>>>>>>>>>>>>
epoch: 5
loss: 1.8957, f1: 0.9516
loss: 1.9095, f1: 0.9514
> val_f1: 0.8041
>>>>>>>>>>>>>>>>>>>>>>>>>>>>>>>>>>>>>>>>>>>>>>>>>>>>>>>>>>>>>>>>>>>>>>>>>>>>>>>>>>>>>>>>>>>>>>>>>>>>
epoch: 6
loss: 1.6285, f1: 0.9515
loss: 1.5591, f1: 0.9606
loss: 1.5270, f1: 0.9610
> val_f1: 0.8085
>>>>>>>>>>>>>>>>>>>>>>>>>>>>>>>>>>>>>>>>>>>>>>>>>>>>>>>>>>>>>>>>>>>>>>>>>>>>>>>>>>>>>>>>>>>>>>>>>>>>
epoch: 7
loss: 1.1852, f1: 0.9692
loss: 1.1610, f1: 0.9712
> val_f1: 0.7913
>>>>>>>>>>>>>>>>>>>>>>>>>>>>>>>>>>>>>>>>>>>>>>>>>>>>>>>>>>>>>>>>>>>>>>>>>>>>>>>>>>>>>>>>>>>>>>>>>>>>
epoch: 8
loss: 0.9747, f1: 0.9743
loss: 1.0029, f1: 0.9748
> val_f1: 0.8058
>>>>>>>>>>>>>>>>>>>>>>>>>>>>>>>>>>>>>>>>>>>>>>>>>>>>>>>>>>>>>>>>>>>>>>>>>>>>>>>>>>>>>>>>>>>>>>>>>>>>
epoch: 9
loss: 0.7786, f1: 0.9805
loss: 0.7966, f1: 0.9795
loss: 0.8630, f1: 0.9771
> val_f1: 0.7934
>> test_f1: 0.8371
